TN:
SF:src/script/Config.ts
FN:34,(anonymous_1)
FN:110,(anonymous_2)
FNF:2
FNH:2
FNDA:1,(anonymous_1)
FNDA:19076,(anonymous_2)
DA:22,1
DA:24,1
DA:34,27
DA:109,1
DA:111,19076
DA:112,1
DA:114,19076
LF:7
LH:7
BRDA:35,0,0,1
BRDA:35,0,1,1
BRDA:36,1,0,1
BRDA:36,1,1,1
BRDA:38,2,0,1
BRDA:38,2,1,1
BRDA:39,3,0,1
BRDA:39,3,1,0
BRDA:40,4,0,1
BRDA:40,4,1,0
BRDA:41,5,0,1
BRDA:41,5,1,1
BRDA:42,6,0,1
BRDA:42,6,1,1
BRDA:44,7,0,1
BRDA:44,7,1,1
BRDA:45,8,0,1
BRDA:45,8,1,1
BRDA:47,9,0,1
BRDA:47,9,1,1
BRDA:48,10,0,1
BRDA:48,10,1,1
BRDA:71,11,0,1
BRDA:71,11,1,1
BRDA:111,12,0,1
BRDA:111,12,1,19075
BRF:26
BRH:24
end_of_record
TN:
SF:src/script/externalRoute.ts
FN:53,getTeamSettingsUrl
FN:59,getWebsiteUrl
FN:68,getAccountPagesUrl
FN:73,(anonymous_3)
FN:74,(anonymous_4)
FN:75,(anonymous_5)
FN:77,(anonymous_6)
FN:79,(anonymous_7)
FN:81,(anonymous_8)
FN:83,(anonymous_9)
FN:84,(anonymous_10)
FN:85,(anonymous_11)
FN:87,(anonymous_12)
FNF:13
FNH:1
FNDA:0,getTeamSettingsUrl
FNDA:0,getWebsiteUrl
FNDA:0,getAccountPagesUrl
FNDA:0,(anonymous_3)
FNDA:0,(anonymous_4)
FNDA:0,(anonymous_5)
FNDA:0,(anonymous_6)
FNDA:0,(anonymous_7)
FNDA:0,(anonymous_8)
FNDA:0,(anonymous_9)
FNDA:0,(anonymous_10)
FNDA:0,(anonymous_11)
FNDA:14,(anonymous_12)
DA:23,1
DA:25,1
DA:27,1
DA:41,1
DA:53,1
DA:54,0
DA:55,0
DA:56,0
DA:59,1
DA:60,0
DA:61,0
DA:62,0
DA:63,0
DA:65,0
DA:68,1
DA:69,0
DA:70,0
DA:73,1
DA:74,1
DA:75,1
DA:77,1
DA:78,0
DA:79,1
DA:81,1
DA:82,0
DA:83,1
DA:84,1
DA:85,1
DA:87,1
DA:88,14
DA:89,0
DA:91,14
DA:92,14
DA:93,14
LF:34
LH:21
BRDA:28,0,0,1
BRDA:28,0,1,0
BRDA:28,1,0,1
BRDA:28,1,1,1
BRDA:29,2,0,1
BRDA:29,2,1,0
BRDA:29,3,0,1
BRDA:29,3,1,1
BRDA:30,4,0,1
BRDA:30,4,1,0
BRDA:30,5,0,1
BRDA:30,5,1,1
BRDA:31,6,0,1
BRDA:31,6,1,0
BRDA:31,7,0,1
BRDA:31,7,1,1
BRDA:32,8,0,1
BRDA:32,8,1,0
BRDA:32,9,0,1
BRDA:32,9,1,1
BRDA:35,10,0,1
BRDA:35,10,1,1
BRDA:38,11,0,1
BRDA:38,11,1,0
BRDA:38,12,0,1
BRDA:38,12,1,1
BRDA:53,13,0,0
BRDA:53,13,1,0
BRDA:53,14,0,0
BRDA:53,14,1,0
BRDA:54,15,0,0
BRDA:54,15,1,0
BRDA:56,16,0,0
BRDA:56,16,1,0
BRDA:59,17,0,0
BRDA:59,17,1,0
BRDA:59,18,0,0
BRDA:59,18,1,0
BRDA:60,19,0,0
BRDA:60,19,1,0
BRDA:61,20,0,0
BRDA:61,20,1,0
BRDA:63,21,0,0
BRDA:63,21,1,0
BRDA:68,22,0,0
BRDA:68,22,1,0
BRDA:68,23,0,0
BRDA:68,23,1,0
BRDA:70,24,0,0
BRDA:70,24,1,0
BRDA:73,25,0,0
BRDA:73,25,1,0
BRDA:74,26,0,0
BRDA:74,26,1,0
BRDA:75,27,0,0
BRDA:75,27,1,0
BRDA:82,28,0,0
BRDA:82,28,1,0
BRDA:88,29,0,0
BRDA:88,29,1,14
BRDA:92,30,0,0
BRDA:92,30,1,14
BRF:62
BRH:22
end_of_record
TN:
SF:src/script/strings.ts
FNF:0
FNH:0
DA:28,1
DA:35,1
DA:50,1
DA:58,1
DA:81,1
DA:100,1
DA:119,1
DA:156,1
DA:167,1
DA:178,1
DA:197,1
DA:220,1
DA:235,1
DA:266,1
DA:281,1
DA:296,1
DA:319,1
DA:348,1
DA:359,1
DA:426,1
DA:621,1
DA:657,1
DA:692,1
DA:728,1
DA:759,1
DA:774,1
DA:789,1
DA:796,1
LF:28
LH:28
BRF:0
BRH:0
end_of_record
TN:
SF:src/script/assets/AssetCrypto.ts
FN:32,(anonymous_6)
FN:32,(anonymous_7)
FN:32,decryptAesAsset
FN:47,(anonymous_9)
FN:47,(anonymous_10)
FN:47,encryptAesAsset
FN:69,(anonymous_12)
FN:72,(anonymous_13)
FN:78,(anonymous_14)
FN:79,(anonymous_15)
FN:87,(anonymous_16)
FNF:11
FNH:11
FNDA:1,(anonymous_6)
FNDA:6,(anonymous_7)
FNDA:6,decryptAesAsset
FNDA:1,(anonymous_9)
FNDA:10,(anonymous_10)
FNDA:10,encryptAesAsset
FNDA:6,(anonymous_12)
FNDA:32,(anonymous_13)
FNDA:20,(anonymous_14)
FNDA:120,(anonymous_15)
FNDA:20,(anonymous_16)
DA:32,9
DA:37,6
DA:38,6
DA:39,2
DA:41,4
DA:42,4
DA:43,4
DA:44,4
DA:47,13
DA:48,10
DA:49,10
DA:50,10
DA:51,10
DA:56,10
DA:57,10
DA:58,10
DA:60,10
DA:61,10
DA:63,10
DA:69,1
DA:70,6
DA:71,6
DA:72,32
DA:78,1
DA:79,20
DA:80,120
DA:81,120
DA:82,120
DA:85,20
DA:86,20
DA:87,20
DA:88,20
DA:90,0
LF:33
LH:32
BRDA:38,0,0,2
BRDA:38,0,1,4
BRDA:72,1,0,6
BRDA:72,1,1,4
BRDA:87,2,0,20
BRDA:87,2,1,0
BRDA:87,3,0,20
BRDA:87,3,1,20
BRF:8
BRH:7
end_of_record
TN:
SF:src/script/assets/AssetMapper.ts
FN:29,(anonymous_6)
FN:36,(anonymous_7)
FN:37,(anonymous_8)
FN:43,(anonymous_9)
FN:51,updateUserEntityAssets
FNF:5
FNH:5
FNDA:4,(anonymous_6)
FNDA:8,(anonymous_7)
FNDA:8,(anonymous_8)
FNDA:73,(anonymous_9)
FNDA:80,updateUserEntityAssets
DA:29,1
DA:30,4
DA:35,4
DA:36,8
DA:38,8
DA:39,8
DA:43,1
DA:44,73
DA:45,73
DA:46,73
DA:48,73
DA:51,80
DA:52,80
DA:53,80
DA:54,76
DA:56,80
DA:57,76
LF:17
LH:17
BRDA:39,0,0,0
BRDA:39,0,1,8
BRDA:45,1,0,73
BRDA:45,1,1,0
BRDA:46,2,0,73
BRDA:46,2,1,0
BRDA:51,3,0,76
BRDA:51,3,1,4
BRDA:51,4,0,80
BRDA:51,4,1,80
BRDA:53,5,0,76
BRDA:53,5,1,4
BRDA:56,6,0,76
BRDA:56,6,1,4
BRF:14
BRH:11
end_of_record
TN:
SF:src/script/assets/AssetMetaDataBuilder.ts
FN:34,(anonymous_0)
FN:54,(anonymous_1)
FN:56,(anonymous_2)
FN:61,(anonymous_3)
FN:68,(anonymous_4)
FN:69,(anonymous_5)
FN:72,(anonymous_6)
FN:76,(anonymous_7)
FN:84,(anonymous_8)
FN:85,(anonymous_9)
FN:88,(anonymous_10)
FN:100,(anonymous_11)
FN:116,(anonymous_12)
FN:132,(anonymous_13)
FN:136,(anonymous_14)
FN:140,(anonymous_15)
FN:144,(anonymous_16)
FN:151,(anonymous_17)
FNF:18
FNH:3
FNDA:0,(anonymous_0)
FNDA:0,(anonymous_1)
FNDA:0,(anonymous_2)
FNDA:0,(anonymous_3)
FNDA:0,(anonymous_4)
FNDA:0,(anonymous_5)
FNDA:0,(anonymous_6)
FNDA:0,(anonymous_7)
FNDA:0,(anonymous_8)
FNDA:0,(anonymous_9)
FNDA:0,(anonymous_10)
FNDA:0,(anonymous_11)
FNDA:0,(anonymous_12)
FNDA:3,(anonymous_13)
FNDA:3,(anonymous_14)
FNDA:3,(anonymous_15)
FNDA:0,(anonymous_16)
FNDA:0,(anonymous_17)
DA:34,1
DA:35,0
DA:36,0
DA:39,0
DA:40,0
DA:43,0
DA:44,0
DA:47,0
DA:48,0
DA:51,0
DA:54,1
DA:55,0
DA:57,0
DA:58,0
DA:59,0
DA:62,0
DA:63,0
DA:64,0
DA:68,1
DA:69,0
DA:70,0
DA:71,0
DA:72,0
DA:73,0
DA:74,0
DA:76,0
DA:77,0
DA:78,0
DA:80,0
DA:84,1
DA:85,0
DA:86,0
DA:87,0
DA:88,0
DA:89,0
DA:96,0
DA:98,0
DA:101,0
DA:102,0
DA:106,0
DA:116,1
DA:117,0
DA:120,0
DA:121,0
DA:125,0
DA:126,0
DA:129,0
DA:132,1
DA:133,3
DA:136,1
DA:137,3
DA:140,1
DA:141,3
DA:144,1
DA:145,0
DA:146,0
DA:147,0
DA:148,0
DA:149,0
DA:151,0
DA:152,0
DA:155,0
LF:62
LH:12
BRDA:35,0,0,0
BRDA:35,0,1,0
BRDA:39,1,0,0
BRDA:39,1,1,0
BRDA:43,2,0,0
BRDA:43,2,1,0
BRDA:47,3,0,0
BRDA:47,3,1,0
BRDA:120,4,0,0
BRDA:120,4,1,0
BRDA:120,5,0,0
BRDA:120,5,1,0
BRDA:120,6,0,0
BRDA:120,6,1,0
BRDA:125,7,0,0
BRDA:125,7,1,0
BRDA:133,8,0,0
BRDA:133,8,1,3
BRDA:133,9,0,3
BRDA:133,9,1,3
BRDA:137,10,0,0
BRDA:137,10,1,3
BRDA:137,11,0,3
BRDA:137,11,1,3
BRDA:141,12,0,0
BRDA:141,12,1,3
BRDA:141,13,0,3
BRDA:141,13,1,3
BRF:28
BRH:9
end_of_record
TN:
SF:src/script/assets/AssetRemoteData.ts
FN:53,(anonymous_1)
FN:59,(anonymous_2)
FN:62,(anonymous_3)
FN:82,(anonymous_4)
FN:102,(anonymous_5)
FNF:5
FNH:4
FNDA:163,(anonymous_1)
FNDA:0,(anonymous_2)
FNDA:11,(anonymous_3)
FNDA:4,(anonymous_4)
FNDA:147,(anonymous_5)
DA:53,978
DA:54,163
DA:55,163
DA:56,163
DA:57,163
DA:58,163
DA:59,163
DA:68,11
DA:69,11
DA:88,4
DA:89,4
DA:102,147
DA:103,147
LF:13
LH:13
BRDA:68,0,0,2
BRDA:68,0,1,9
BRDA:68,1,0,11
BRDA:68,1,1,2
BRDA:88,2,0,0
BRDA:88,2,1,4
BRDA:88,3,0,4
BRDA:88,3,1,0
BRDA:102,4,0,146
BRDA:102,4,1,1
BRDA:102,5,0,147
BRDA:102,5,1,146
BRF:12
BRH:10
end_of_record
TN:
SF:src/script/assets/AssetRepository.ts
FN:65,(anonymous_7)
FN:70,(anonymous_8)
FN:74,(anonymous_9)
FN:80,(anonymous_10)
FN:80,(anonymous_11)
FN:106,(anonymous_12)
FN:131,(anonymous_13)
FN:136,(anonymous_14)
FN:144,(anonymous_15)
FN:154,(anonymous_16)
FN:164,(anonymous_17)
FN:182,(anonymous_18)
FN:182,(anonymous_19)
FN:194,(anonymous_20)
FN:194,(anonymous_21)
FN:209,(anonymous_22)
FN:214,(anonymous_23)
FN:238,(anonymous_24)
FN:242,(anonymous_25)
FN:246,(anonymous_26)
FN:246,(anonymous_27)
FN:263,(anonymous_28)
FN:268,(anonymous_29)
FN:274,(anonymous_30)
FN:293,(anonymous_31)
FN:308,(anonymous_32)
FN:308,(anonymous_33)
FN:321,(anonymous_34)
FN:328,(anonymous_35)
FN:329,(anonymous_36)
FN:337,(anonymous_38)
FN:343,(anonymous_39)
FN:351,(anonymous_40)
FN:355,(anonymous_41)
FN:356,(anonymous_42)
FN:362,(anonymous_43)
FN:363,(anonymous_44)
FN:366,(anonymous_45)
FN:367,(anonymous_46)
FNF:39
FNH:21
FNDA:967,(anonymous_7)
FNDA:0,(anonymous_8)
FNDA:0,(anonymous_9)
FNDA:3,(anonymous_10)
FNDA:3,(anonymous_11)
FNDA:1,(anonymous_12)
FNDA:1,(anonymous_13)
FNDA:1,(anonymous_14)
FNDA:0,(anonymous_15)
FNDA:0,(anonymous_16)
FNDA:0,(anonymous_17)
FNDA:0,(anonymous_18)
FNDA:0,(anonymous_19)
FNDA:0,(anonymous_20)
FNDA:0,(anonymous_21)
FNDA:0,(anonymous_22)
FNDA:0,(anonymous_23)
FNDA:0,(anonymous_24)
FNDA:0,(anonymous_25)
FNDA:0,(anonymous_26)
FNDA:0,(anonymous_27)
FNDA:0,(anonymous_28)
FNDA:0,(anonymous_29)
FNDA:2,(anonymous_30)
FNDA:0,(anonymous_31)
FNDA:4,(anonymous_32)
FNDA:4,(anonymous_33)
FNDA:3,(anonymous_34)
FNDA:6,(anonymous_35)
FNDA:2,(anonymous_36)
FNDA:2,(anonymous_38)
FNDA:1,(anonymous_39)
FNDA:3,(anonymous_40)
FNDA:6,(anonymous_41)
FNDA:5,(anonymous_42)
FNDA:5,(anonymous_43)
FNDA:3,(anonymous_44)
FNDA:2,(anonymous_45)
FNDA:2,(anonymous_46)
DA:58,1
DA:65,3868
DA:66,967
DA:67,967
DA:71,0
DA:72,0
DA:75,0
DA:76,0
DA:80,6
DA:81,3
DA:83,3
DA:84,2
DA:86,2
DA:87,1
DA:88,1
DA:89,1
DA:91,1
DA:93,2
DA:95,1
DA:96,1
DA:97,1
DA:99,1
DA:100,1
DA:101,1
DA:107,1
DA:109,1
DA:115,0
DA:121,0
DA:127,0
DA:136,2
DA:137,1
DA:138,1
DA:140,0
DA:144,0
DA:146,0
DA:147,0
DA:150,0
DA:154,0
DA:156,0
DA:157,0
DA:160,0
DA:164,0
DA:166,0
DA:167,0
DA:170,0
DA:173,1
DA:174,1
DA:177,1
DA:178,1
DA:182,0
DA:183,0
DA:184,0
DA:185,0
DA:186,0
DA:188,0
DA:190,0
DA:194,0
DA:195,0
DA:196,0
DA:197,0
DA:198,0
DA:199,0
DA:201,0
DA:202,0
DA:204,0
DA:205,0
DA:214,0
DA:215,0
DA:220,0
DA:226,0
DA:227,0
DA:229,0
DA:230,0
DA:232,0
DA:239,0
DA:243,0
DA:246,0
DA:247,0
DA:248,0
DA:250,0
DA:251,0
DA:253,0
DA:254,0
DA:256,0
DA:257,0
DA:264,0
DA:265,0
DA:266,0
DA:268,0
DA:270,0
DA:271,0
DA:279,2
DA:285,2
DA:290,2
DA:294,0
DA:295,0
DA:299,0
DA:304,0
DA:305,0
DA:308,8
DA:309,4
DA:310,4
DA:312,4
DA:313,4
DA:315,4
DA:322,3
DA:323,3
DA:326,4
DA:328,10
DA:330,2
DA:331,2
DA:332,0
DA:333,0
DA:335,2
DA:338,2
DA:339,2
DA:344,1
DA:345,1
DA:346,0
DA:347,0
DA:352,3
DA:356,6
DA:357,5
DA:358,5
DA:363,5
DA:367,2
DA:368,2
LF:127
LH:56
BRDA:58,0,0,1
BRDA:58,0,1,1
BRDA:73,1,0,0
BRDA:73,1,1,0
BRDA:84,2,0,2
BRDA:84,2,1,1
BRDA:86,3,0,1
BRDA:86,3,1,1
BRDA:87,4,0,1
BRDA:87,4,1,0
BRDA:88,5,0,1
BRDA:88,5,1,0
BRDA:95,6,0,1
BRDA:95,6,1,0
BRDA:95,7,0,0
BRDA:95,7,1,1
BRDA:95,8,0,1
BRDA:95,8,1,1
BRDA:99,9,0,1
BRDA:99,9,1,1
BRDA:100,10,0,1
BRDA:100,10,1,0
BRDA:108,11,0,1
BRDA:108,11,1,0
BRDA:108,11,2,0
BRDA:108,11,3,0
BRDA:139,12,0,0
BRDA:139,12,1,0
BRDA:139,12,2,0
BRDA:139,12,3,0
BRDA:175,13,0,0
BRDA:175,13,1,1
BRDA:176,14,0,1
BRDA:176,14,1,0
BRDA:185,15,0,0
BRDA:185,15,1,0
BRDA:198,16,0,0
BRDA:198,16,1,0
BRDA:250,17,0,0
BRDA:250,17,1,0
BRDA:270,18,0,0
BRDA:270,18,1,0
BRDA:270,18,2,0
BRDA:271,19,0,0
BRDA:271,19,1,0
BRDA:331,20,0,0
BRDA:331,20,1,2
BRDA:345,21,0,0
BRDA:345,21,1,1
BRDA:358,22,0,3
BRDA:358,22,1,2
BRF:51
BRH:22
end_of_record
TN:
SF:src/script/assets/AssetService.ts
FN:33,(anonymous_7)
FN:38,(anonymous_8)
FN:38,(anonymous_9)
FN:46,(anonymous_10)
FN:46,(anonymous_11)
FN:53,(anonymous_12)
FN:53,(anonymous_13)
FN:61,(anonymous_14)
FN:69,(anonymous_15)
FN:74,(anonymous_16)
FN:78,(anonymous_17)
FN:83,(anonymous_18)
FN:87,(anonymous_19)
FN:87,(anonymous_20)
FNF:14
FNH:4
FNDA:937,(anonymous_7)
FNDA:0,(anonymous_8)
FNDA:0,(anonymous_9)
FNDA:0,(anonymous_10)
FNDA:0,(anonymous_11)
FNDA:1,(anonymous_12)
FNDA:1,(anonymous_13)
FNDA:2,(anonymous_14)
FNDA:0,(anonymous_15)
FNDA:0,(anonymous_16)
FNDA:0,(anonymous_17)
FNDA:0,(anonymous_18)
FNDA:0,(anonymous_19)
FNDA:0,(anonymous_20)
DA:29,1
DA:33,1874
DA:34,937
DA:35,937
DA:38,0
DA:39,0
DA:40,0
DA:41,0
DA:42,0
DA:43,0
DA:46,0
DA:47,0
DA:48,0
DA:49,0
DA:50,0
DA:53,2
DA:54,1
DA:55,0
DA:56,0
DA:57,0
DA:58,0
DA:66,2
DA:74,0
DA:75,0
DA:83,0
DA:84,0
DA:87,0
DA:88,0
LF:28
LH:7
BRDA:29,0,0,1
BRDA:29,0,1,1
BRDA:41,1,0,0
BRDA:41,1,1,0
BRDA:43,2,0,0
BRDA:43,2,1,0
BRDA:43,3,0,0
BRDA:43,3,1,0
BRDA:49,4,0,0
BRDA:49,4,1,0
BRDA:50,5,0,0
BRDA:50,5,1,0
BRDA:50,6,0,0
BRDA:50,6,1,0
BRDA:56,7,0,0
BRDA:56,7,1,0
BRDA:57,8,0,0
BRDA:57,8,1,0
BRDA:58,9,0,0
BRDA:58,9,1,0
BRDA:58,10,0,0
BRDA:58,10,1,0
BRF:22
BRH:2
end_of_record
TN:
SF:src/script/assets/AssetTransferState.ts
FNF:0
FNH:0
LF:0
LH:0
BRDA:20,0,0,1
BRF:1
BRH:1
end_of_record
TN:
SF:src/script/assets/AssetType.ts
FNF:0
FNH:0
LF:0
LH:0
BRDA:20,0,0,1
BRF:1
BRH:1
end_of_record
TN:
SF:src/script/assets/AssetURLCache.ts
FN:24,(anonymous_0)
FN:26,(anonymous_1)
FNF:2
FNH:0
FNDA:0,(anonymous_0)
FNDA:0,(anonymous_1)
DA:22,1
DA:24,1
DA:26,1
DA:27,0
DA:29,0
DA:30,0
DA:31,0
DA:34,0
DA:36,0
DA:37,0
DA:40,0
LF:11
LH:3
BRDA:29,0,0,0
BRDA:29,0,1,0
BRDA:36,1,0,0
BRDA:36,1,1,0
BRF:4
BRH:0
end_of_record
TN:
SF:src/script/audio/AudioPlayingType.ts
FNF:0
FNH:0
DA:22,1
DA:28,1
DA:30,1
DA:37,1
DA:44,1
LF:5
LH:5
BRF:0
BRH:0
end_of_record
TN:
SF:src/script/audio/AudioRepository.ts
FN:51,(anonymous_2)
FN:55,(anonymous_3)
FN:64,(anonymous_4)
FN:82,(anonymous_5)
FN:92,(anonymous_6)
FN:96,(anonymous_7)
FN:97,(anonymous_8)
FN:104,(anonymous_9)
FN:105,(anonymous_10)
FN:108,(anonymous_11)
FN:113,(anonymous_12)
FN:119,(anonymous_13)
FN:125,(anonymous_14)
FN:130,(anonymous_15)
FN:134,(anonymous_16)
FN:151,(anonymous_17)
FN:161,(anonymous_18)
FN:164,(anonymous_19)
FN:182,(anonymous_20)
FN:186,(anonymous_21)
FN:196,(anonymous_22)
FN:204,(anonymous_23)
FNF:22
FNH:18
FNDA:1,(anonymous_2)
FNDA:3,(anonymous_3)
FNDA:161,(anonymous_4)
FNDA:45,(anonymous_5)
FNDA:179,(anonymous_6)
FNDA:5,(anonymous_7)
FNDA:45,(anonymous_8)
FNDA:2,(anonymous_9)
FNDA:18,(anonymous_10)
FNDA:5,(anonymous_11)
FNDA:1,(anonymous_12)
FNDA:0,(anonymous_13)
FNDA:5,(anonymous_14)
FNDA:0,(anonymous_15)
FNDA:10,(anonymous_16)
FNDA:161,(anonymous_17)
FNDA:10,(anonymous_18)
FNDA:0,(anonymous_19)
FNDA:3,(anonymous_20)
FNDA:110,(anonymous_21)
FNDA:18,(anonymous_22)
FNDA:0,(anonymous_23)
DA:51,4
DA:52,1
DA:53,1
DA:54,1
DA:55,1
DA:56,3
DA:57,2
DA:60,1
DA:61,1
DA:65,161
DA:66,7
DA:69,154
DA:70,154
DA:71,143
DA:74,11
DA:75,11
DA:76,1
DA:79,10
DA:83,45
DA:84,45
DA:85,45
DA:86,9
DA:88,45
DA:89,45
DA:93,179
DA:97,5
DA:98,45
DA:101,5
DA:105,18
DA:109,5
DA:110,5
DA:114,1
DA:115,1
DA:116,1
DA:118,1
DA:119,1
DA:120,1
DA:121,1
DA:125,5
DA:126,5
DA:127,5
DA:131,0
DA:134,10
DA:135,10
DA:137,0
DA:140,10
DA:142,10
DA:143,10
DA:146,10
DA:148,10
DA:151,161
DA:152,161
DA:153,161
DA:154,0
DA:155,0
DA:158,161
DA:160,10
DA:162,10
DA:165,0
DA:166,0
DA:167,0
DA:172,7
DA:173,7
DA:176,144
DA:177,144
DA:179,151
DA:183,3
DA:187,110
DA:189,110
DA:190,110
DA:191,3
DA:192,3
DA:197,18
DA:198,18
DA:199,0
DA:200,0
DA:205,0
LF:77
LH:67
BRDA:39,0,0,1
BRDA:56,1,0,2
BRDA:56,1,1,1
BRDA:65,2,0,7
BRDA:65,2,1,154
BRDA:65,3,0,161
BRDA:65,3,1,9
BRDA:70,4,0,143
BRDA:70,4,1,11
BRDA:70,5,0,154
BRDA:70,5,1,145
BRDA:75,6,0,1
BRDA:75,6,1,10
BRDA:75,7,0,11
BRDA:75,7,1,9
BRDA:84,8,0,9
BRDA:84,8,1,36
BRDA:85,9,0,9
BRDA:85,9,1,36
BRDA:118,10,0,1
BRDA:118,10,1,0
BRDA:125,11,0,1
BRDA:125,11,1,4
BRDA:125,12,0,5
BRDA:125,12,1,1
BRDA:134,13,0,10
BRDA:134,13,1,0
BRDA:134,14,0,10
BRDA:134,14,1,10
BRDA:135,15,0,0
BRDA:135,15,1,10
BRDA:142,16,0,10
BRDA:142,16,1,0
BRDA:148,17,0,10
BRDA:148,17,1,10
BRDA:151,18,0,0
BRDA:151,18,1,161
BRDA:151,19,0,161
BRDA:151,19,1,0
BRDA:153,20,0,0
BRDA:153,20,1,161
BRDA:159,21,0,10
BRDA:159,21,1,7
BRDA:159,21,2,144
BRDA:165,22,0,0
BRDA:165,22,1,0
BRDA:190,23,0,3
BRDA:190,23,1,107
BRDA:198,24,0,0
BRDA:198,24,1,18
BRDA:198,25,0,0
BRDA:198,25,1,18
BRDA:198,26,0,18
BRDA:198,26,1,18
BRF:54
BRH:43
end_of_record
TN:
SF:src/script/audio/AudioType.ts
FNF:0
FNH:0
LF:0
LH:0
BRDA:20,0,0,1
BRF:1
BRH:1
end_of_record
TN:
SF:src/script/auth/AuthRepository.ts
FN:32,(anonymous_7)
FN:48,(anonymous_8)
FN:53,(anonymous_9)
FN:59,(anonymous_10)
FN:59,(anonymous_11)
FNF:5
FNH:0
FNDA:0,(anonymous_7)
FNDA:0,(anonymous_8)
FNDA:0,(anonymous_9)
FNDA:0,(anonymous_10)
FNDA:0,(anonymous_11)
DA:39,0
DA:48,0
DA:49,0
DA:50,0
DA:54,0
DA:55,0
DA:56,0
DA:59,0
DA:60,0
DA:61,0
DA:62,0
DA:64,0
LF:12
LH:0
BRDA:55,0,0,0
BRDA:55,0,1,0
BRF:2
BRH:0
end_of_record
TN:
SF:src/script/auth/SignOutReason.ts
FNF:0
FNH:0
LF:0
LH:0
BRDA:20,0,0,1
BRF:1
BRH:1
end_of_record
TN:
SF:src/script/auth/StoreEngineProvider.ts
FN:30,(anonymous_6)
FN:30,(anonymous_7)
FN:33,(anonymous_8)
FN:38,(anonymous_9)
FN:30,providePermanentEngine
FN:47,(anonymous_11)
FN:47,(anonymous_12)
FN:47,provideTemporaryAndNonPersistentEngine
FNF:8
FNH:2
FNDA:1,(anonymous_6)
FNDA:0,(anonymous_7)
FNDA:0,(anonymous_8)
FNDA:0,(anonymous_9)
FNDA:0,providePermanentEngine
FNDA:1,(anonymous_11)
FNDA:0,(anonymous_12)
FNDA:0,provideTemporaryAndNonPersistentEngine
DA:30,3
DA:31,0
DA:32,0
DA:33,0
DA:34,0
DA:35,0
DA:38,0
DA:40,0
DA:42,0
DA:43,0
DA:44,0
DA:47,3
DA:48,0
DA:49,0
DA:50,0
DA:51,0
DA:52,0
LF:17
LH:2
BRDA:34,0,0,0
BRDA:34,0,1,0
BRF:2
BRH:0
end_of_record
TN:
SF:src/script/auth/URLParameter.ts
FNF:0
FNH:0
LF:0
LH:0
BRDA:21,0,0,1
BRF:1
BRH:1
end_of_record
TN:
SF:src/script/auth/externalRoute.ts
FNF:0
FNH:0
DA:22,1
LF:1
LH:1
BRF:0
BRH:0
end_of_record
TN:
SF:src/script/auth/localeConfig.ts
FN:29,getLocale
FN:33,currentLanguage
FN:37,currentCurrency
FN:41,normalizeLanguage
FN:46,findLanguage
FN:48,(anonymous_5)
FN:51,mapLanguage
FNF:7
FNH:6
FNDA:17,getLocale
FNDA:17,currentLanguage
FNDA:0,currentCurrency
FNDA:35,normalizeLanguage
FNDA:35,findLanguage
FNDA:175,(anonymous_5)
FNDA:35,mapLanguage
DA:26,1
DA:27,1
DA:30,17
DA:34,17
DA:38,0
DA:41,35
DA:42,35
DA:43,35
DA:46,35
DA:47,35
DA:48,175
DA:51,35
DA:52,35
LF:13
LH:12
BRDA:30,0,0,17
BRDA:30,0,1,0
BRDA:30,1,0,0
BRDA:30,1,1,17
BRDA:30,2,0,17
BRDA:30,2,1,17
BRDA:34,3,0,17
BRDA:34,3,1,17
BRDA:38,4,0,0
BRDA:38,4,1,0
BRDA:41,5,0,35
BRDA:41,5,1,0
BRDA:41,6,0,35
BRDA:41,6,1,35
BRDA:46,7,0,35
BRDA:46,7,1,0
BRDA:46,8,0,35
BRDA:46,8,1,35
BRDA:51,9,0,35
BRDA:51,9,1,0
BRDA:51,10,0,35
BRDA:51,10,1,35
BRDA:52,11,0,35
BRDA:52,11,1,0
BRF:24
BRH:16
end_of_record
TN:
SF:src/script/auth/route.ts
FNF:0
FNH:0
DA:20,1
DA:42,1
DA:53,1
DA:59,1
LF:4
LH:4
BRF:0
BRH:0
end_of_record
TN:
SF:src/script/auth/supportedLocales.ts
FNF:0
FNH:0
DA:20,1
LF:1
LH:1
BRF:0
BRH:0
end_of_record
TN:
SF:src/script/auth/component/AcceptNewsModal.tsx
FN:31,(anonymous_2)
FN:47,strong
FNF:2
FNH:0
FNDA:0,(anonymous_2)
FNDA:0,strong
DA:31,1
DA:32,0
DA:33,0
DA:47,0
LF:4
LH:1
BRF:0
BRH:0
end_of_record
TN:
SF:src/script/auth/component/AccountForm.tsx
FN:42,(anonymous_16)
FN:68,(anonymous_17)
FN:75,(anonymous_18)
FN:82,(anonymous_19)
FN:82,(anonymous_20)
FN:87,(anonymous_21)
FN:125,(anonymous_22)
FN:82,handleSubmit
FN:144,(anonymous_24)
FN:154,(anonymous_25)
FN:168,(anonymous_26)
FN:182,(anonymous_27)
FN:194,(anonymous_28)
FN:224,(anonymous_29)
FN:242,privacypolicy
FN:253,terms
FN:274,terms
FN:314,(anonymous_33)
FN:322,(anonymous_34)
FNF:19
FNH:12
FNDA:12,(anonymous_16)
FNDA:4,(anonymous_17)
FNDA:4,(anonymous_18)
FNDA:12,(anonymous_19)
FNDA:2,(anonymous_20)
FNDA:8,(anonymous_21)
FNDA:8,(anonymous_22)
FNDA:2,handleSubmit
FNDA:2,(anonymous_24)
FNDA:0,(anonymous_25)
FNDA:0,(anonymous_26)
FNDA:0,(anonymous_27)
FNDA:0,(anonymous_28)
FNDA:0,(anonymous_29)
FNDA:0,privacypolicy
FNDA:0,terms
FNDA:12,terms
FNDA:4,(anonymous_33)
FNDA:4,(anonymous_34)
DA:42,24
DA:43,12
DA:44,12
DA:52,12
DA:59,12
DA:61,12
DA:68,12
DA:69,4
DA:75,12
DA:76,4
DA:82,38
DA:83,2
DA:84,2
DA:85,2
DA:87,8
DA:88,8
DA:89,8
DA:90,4
DA:92,8
DA:93,2
DA:95,8
DA:97,2
DA:98,2
DA:99,2
DA:100,2
DA:101,2
DA:103,0
DA:104,0
DA:105,0
DA:106,0
DA:108,2
DA:109,2
DA:113,0
DA:114,0
DA:115,0
DA:119,0
DA:120,0
DA:121,0
DA:122,0
DA:125,2
DA:126,8
DA:128,2
DA:129,0
DA:134,0
DA:138,12
DA:145,2
DA:146,2
DA:147,2
DA:155,0
DA:156,0
DA:169,0
DA:170,0
DA:171,0
DA:183,0
DA:184,0
DA:195,0
DA:196,0
DA:197,0
DA:225,0
DA:226,0
DA:227,0
DA:242,0
DA:253,0
DA:274,24
DA:314,4
DA:322,1
DA:323,4
LF:67
LH:39
BRDA:46,0,0,12
BRDA:46,0,1,2
BRDA:47,1,0,12
BRDA:47,1,1,10
BRDA:48,2,0,12
BRDA:48,2,1,2
BRDA:49,3,0,12
BRDA:49,3,1,2
BRDA:89,4,0,4
BRDA:89,4,1,4
BRDA:92,5,0,2
BRDA:92,5,1,6
BRDA:100,6,0,2
BRDA:100,6,1,0
BRDA:103,7,0,0
BRDA:103,7,1,0
BRDA:108,8,0,2
BRDA:108,8,1,0
BRDA:108,9,0,2
BRDA:108,9,1,2
BRDA:110,10,0,0
BRDA:110,10,1,0
BRDA:110,10,2,0
BRDA:110,10,3,0
BRDA:110,10,4,0
BRDA:110,10,5,2
BRDA:128,11,0,0
BRDA:128,11,1,2
BRDA:155,12,0,0
BRDA:155,12,1,0
BRDA:179,13,0,0
BRDA:179,13,1,12
BRDA:183,14,0,0
BRDA:183,14,1,0
BRDA:212,15,0,2
BRDA:212,15,1,10
BRDA:238,16,0,0
BRDA:238,16,1,12
BRDA:260,17,0,0
BRDA:260,17,1,0
BRDA:281,18,0,0
BRDA:281,18,1,12
BRDA:295,19,0,12
BRDA:295,19,1,6
BRDA:296,20,0,12
BRDA:296,20,1,10
BRDA:296,20,2,6
BRDA:296,20,3,6
BRDA:307,21,0,12
BRDA:307,21,1,12
BRF:50
BRH:31
end_of_record
TN:
SF:src/script/auth/component/AppAlreadyOpen.tsx
FN:37,(anonymous_0)
FN:51,(anonymous_1)
FN:66,(anonymous_2)
FN:71,(anonymous_3)
FNF:4
FNH:3
FNDA:10,(anonymous_0)
FNDA:0,(anonymous_1)
FNDA:10,(anonymous_2)
FNDA:10,(anonymous_3)
DA:37,10
DA:38,10
DA:39,10
DA:51,0
DA:66,10
DA:71,1
DA:72,10
LF:7
LH:6
BRDA:40,0,0,10
BRDA:40,0,1,0
BRF:2
BRH:1
end_of_record
TN:
SF:src/script/auth/component/Exception.tsx
FN:32,(anonymous_8)
FN:35,(anonymous_9)
FNF:2
FNH:2
FNDA:25,(anonymous_8)
FNDA:27,(anonymous_9)
DA:32,25
DA:33,25
DA:36,27
DA:37,27
DA:38,22
DA:40,5
LF:6
LH:6
BRDA:32,0,0,0
BRDA:37,1,0,22
BRDA:37,1,1,5
BRDA:43,2,0,5
BRDA:43,2,1,0
BRDA:44,3,0,5
BRDA:44,3,1,0
BRDA:47,4,0,5
BRDA:47,4,1,0
BRF:9
BRH:5
end_of_record
TN:
SF:src/script/auth/component/LoginForm.tsx
FN:36,(anonymous_0)
FN:45,(anonymous_1)
FN:82,(anonymous_2)
FN:101,(anonymous_3)
FNF:4
FNH:4
FNDA:17,(anonymous_0)
FNDA:3,(anonymous_1)
FNDA:4,(anonymous_2)
FNDA:4,(anonymous_3)
DA:36,17
DA:37,17
DA:38,17
DA:39,17
DA:40,17
DA:41,17
DA:42,17
DA:43,17
DA:45,17
DA:46,3
DA:47,3
DA:48,0
DA:50,3
DA:51,3
DA:53,3
DA:54,0
DA:58,3
DA:59,3
DA:60,0
DA:64,3
DA:65,3
DA:66,3
DA:67,3
DA:68,2
DA:69,1
DA:70,1
DA:71,0
DA:72,0
DA:74,3
DA:77,17
DA:83,4
DA:84,4
DA:102,4
DA:103,4
LF:34
LH:29
BRDA:47,0,0,0
BRDA:47,0,1,3
BRDA:53,1,0,0
BRDA:53,1,1,3
BRDA:59,2,0,0
BRDA:59,2,1,3
BRDA:67,3,0,2
BRDA:67,3,1,1
BRDA:69,4,0,1
BRDA:69,4,1,0
BRDA:71,5,0,0
BRDA:71,5,1,0
BRDA:71,6,0,0
BRDA:71,6,1,0
BRDA:116,7,0,0
BRDA:116,7,1,17
BRDA:121,8,0,17
BRDA:121,8,1,11
BRF:18
BRH:9
end_of_record
TN:
SF:src/script/auth/component/PhoneLoginForm.tsx
FN:32,(anonymous_0)
FN:41,(anonymous_1)
FN:55,(anonymous_2)
FN:67,(anonymous_3)
FN:79,(anonymous_4)
FN:90,(anonymous_5)
FNF:6
FNH:5
FNDA:9,(anonymous_0)
FNDA:2,(anonymous_1)
FNDA:0,(anonymous_2)
FNDA:2160,(anonymous_3)
FNDA:2,(anonymous_4)
FNDA:3,(anonymous_5)
DA:32,9
DA:33,9
DA:34,9
DA:35,9
DA:36,9
DA:37,9
DA:38,9
DA:39,9
DA:41,9
DA:42,2
DA:43,2
DA:44,0
DA:46,2
DA:49,9
DA:56,0
DA:57,0
DA:58,0
DA:67,4320
DA:80,2
DA:81,2
DA:82,2
DA:83,2
DA:91,3
DA:92,3
LF:24
LH:20
BRDA:43,0,0,0
BRDA:43,0,1,2
BRDA:58,1,0,0
BRDA:58,1,1,0
BRDA:83,2,0,2
BRDA:83,2,1,0
BRDA:83,3,0,2
BRDA:83,3,1,2
BRDA:105,4,0,0
BRDA:105,4,1,9
BRF:10
BRH:5
end_of_record
TN:
SF:src/script/auth/component/RouterLink.tsx
FN:29,(anonymous_2)
FN:29,(anonymous_3)
FNF:2
FNH:2
FNDA:28,(anonymous_2)
FNDA:28,(anonymous_3)
DA:27,1
DA:29,28
LF:2
LH:2
BRF:0
BRH:0
end_of_record
TN:
SF:src/script/auth/component/UnsupportedBrowser.tsx
FN:36,(anonymous_2)
FN:52,(anonymous_3)
FN:74,strong
FN:88,strong
FN:125,(anonymous_6)
FNF:5
FNH:2
FNDA:0,(anonymous_2)
FNDA:79,(anonymous_3)
FNDA:0,strong
FNDA:0,strong
FNDA:42,(anonymous_6)
DA:36,1
DA:52,1
DA:59,79
DA:60,79
DA:61,0
DA:74,0
DA:88,0
DA:98,79
DA:99,0
DA:106,79
DA:107,0
DA:112,79
DA:113,0
DA:121,79
DA:125,42
LF:15
LH:9
BRDA:60,0,0,0
BRDA:60,0,1,79
BRDA:67,1,0,0
BRDA:67,1,1,0
BRDA:79,2,0,0
BRDA:79,2,1,0
BRDA:78,3,0,0
BRDA:78,3,1,0
BRDA:98,4,0,0
BRDA:98,4,1,79
BRDA:106,5,0,0
BRDA:106,5,1,79
BRDA:112,6,0,0
BRDA:112,6,1,79
BRF:14
BRH:4
end_of_record
TN:
SF:src/script/auth/component/WirelessContainer.tsx
FN:34,(anonymous_2)
FN:56,(anonymous_3)
FN:69,strong
FN:75,(anonymous_5)
FNF:4
FNH:0
FNDA:0,(anonymous_2)
FNDA:0,(anonymous_3)
FNDA:0,strong
FNDA:0,(anonymous_5)
DA:34,1
DA:35,0
DA:36,0
DA:56,0
DA:69,0
DA:75,0
LF:6
LH:1
BRDA:45,0,0,0
BRDA:45,0,1,0
BRDA:86,1,0,0
BRDA:86,1,1,0
BRDA:86,2,0,0
BRDA:86,2,1,0
BRDA:86,3,0,0
BRDA:86,3,1,0
BRF:8
BRH:0
end_of_record
TN:
SF:src/script/auth/module/action/AuthAction.ts
FN:42,(anonymous_7)
FN:43,(anonymous_8)
FN:44,(anonymous_9)
FN:44,(anonymous_10)
FN:52,(anonymous_12)
FN:53,(anonymous_13)
FN:53,(anonymous_14)
FN:53,onBeforeLogin
FN:58,(anonymous_16)
FN:59,(anonymous_17)
FN:59,(anonymous_18)
FN:59,onBeforeLogin
FN:61,(anonymous_20)
FN:61,(anonymous_21)
FN:61,onAfterLogin
FN:68,(anonymous_23)
FN:70,(anonymous_24)
FN:71,(anonymous_25)
FN:73,(anonymous_26)
FN:73,(anonymous_27)
FN:112,(anonymous_29)
FN:113,(anonymous_30)
FN:113,(anonymous_31)
FN:125,(anonymous_33)
FN:126,(anonymous_34)
FN:126,(anonymous_35)
FN:153,(anonymous_37)
FN:154,(anonymous_38)
FN:154,(anonymous_39)
FN:155,(anonymous_40)
FN:182,(anonymous_42)
FN:206,(anonymous_43)
FN:207,(anonymous_44)
FN:207,(anonymous_45)
FN:212,(anonymous_47)
FN:213,(anonymous_48)
FN:213,(anonymous_49)
FN:218,(anonymous_51)
FN:219,(anonymous_52)
FN:219,(anonymous_53)
FN:249,(anonymous_55)
FN:250,(anonymous_56)
FN:250,(anonymous_57)
FN:276,(anonymous_59)
FN:277,(anonymous_60)
FN:277,(anonymous_61)
FN:306,(anonymous_63)
FN:307,(anonymous_64)
FN:307,(anonymous_65)
FN:342,(anonymous_67)
FN:343,(anonymous_68)
FN:343,(anonymous_69)
FN:355,(anonymous_71)
FN:356,(anonymous_72)
FN:356,(anonymous_73)
FN:361,(anonymous_75)
FN:362,(anonymous_76)
FN:362,(anonymous_77)
FN:373,(anonymous_79)
FN:374,(anonymous_80)
FN:374,(anonymous_81)
FN:394,(anonymous_83)
FN:395,(anonymous_84)
FN:395,(anonymous_85)
FN:408,(anonymous_87)
FN:409,(anonymous_88)
FN:409,(anonymous_89)
FN:414,(anonymous_91)
FN:415,(anonymous_92)
FN:415,(anonymous_93)
FN:420,(anonymous_95)
FN:421,(anonymous_96)
FN:421,(anonymous_97)
FN:426,(anonymous_99)
FN:427,(anonymous_100)
FN:427,(anonymous_101)
FNF:76
FNH:26
FNDA:1,(anonymous_7)
FNDA:0,(anonymous_8)
FNDA:0,(anonymous_9)
FNDA:0,(anonymous_10)
FNDA:0,(anonymous_12)
FNDA:0,(anonymous_13)
FNDA:0,(anonymous_14)
FNDA:0,onBeforeLogin
FNDA:0,(anonymous_16)
FNDA:0,(anonymous_17)
FNDA:0,(anonymous_18)
FNDA:0,onBeforeLogin
FNDA:0,(anonymous_20)
FNDA:0,(anonymous_21)
FNDA:0,onAfterLogin
FNDA:3,(anonymous_23)
FNDA:3,(anonymous_24)
FNDA:2,(anonymous_25)
FNDA:6,(anonymous_26)
FNDA:3,(anonymous_27)
FNDA:2,(anonymous_29)
FNDA:4,(anonymous_30)
FNDA:2,(anonymous_31)
FNDA:0,(anonymous_33)
FNDA:0,(anonymous_34)
FNDA:0,(anonymous_35)
FNDA:4,(anonymous_37)
FNDA:8,(anonymous_38)
FNDA:4,(anonymous_39)
FNDA:3,(anonymous_40)
FNDA:2,(anonymous_42)
FNDA:0,(anonymous_43)
FNDA:0,(anonymous_44)
FNDA:0,(anonymous_45)
FNDA:2,(anonymous_47)
FNDA:4,(anonymous_48)
FNDA:2,(anonymous_49)
FNDA:0,(anonymous_51)
FNDA:0,(anonymous_52)
FNDA:0,(anonymous_53)
FNDA:0,(anonymous_55)
FNDA:0,(anonymous_56)
FNDA:0,(anonymous_57)
FNDA:0,(anonymous_59)
FNDA:0,(anonymous_60)
FNDA:0,(anonymous_61)
FNDA:0,(anonymous_63)
FNDA:0,(anonymous_64)
FNDA:0,(anonymous_65)
FNDA:0,(anonymous_67)
FNDA:0,(anonymous_68)
FNDA:0,(anonymous_69)
FNDA:0,(anonymous_71)
FNDA:0,(anonymous_72)
FNDA:0,(anonymous_73)
FNDA:0,(anonymous_75)
FNDA:0,(anonymous_76)
FNDA:0,(anonymous_77)
FNDA:1,(anonymous_79)
FNDA:2,(anonymous_80)
FNDA:1,(anonymous_81)
FNDA:0,(anonymous_83)
FNDA:0,(anonymous_84)
FNDA:0,(anonymous_85)
FNDA:0,(anonymous_87)
FNDA:0,(anonymous_88)
FNDA:0,(anonymous_89)
FNDA:6,(anonymous_91)
FNDA:12,(anonymous_92)
FNDA:6,(anonymous_93)
FNDA:0,(anonymous_95)
FNDA:0,(anonymous_96)
FNDA:0,(anonymous_97)
FNDA:13,(anonymous_99)
FNDA:26,(anonymous_100)
FNDA:13,(anonymous_101)
DA:42,24
DA:44,0
DA:45,0
DA:46,0
DA:47,0
DA:53,0
DA:55,0
DA:59,0
DA:61,0
DA:62,0
DA:65,0
DA:72,6
DA:73,12
DA:77,3
DA:78,3
DA:79,3
DA:80,3
DA:81,3
DA:82,0
DA:84,3
DA:85,2
DA:86,2
DA:89,2
DA:90,2
DA:91,2
DA:97,1
DA:99,2
DA:100,1
DA:102,1
DA:103,0
DA:105,1
DA:107,2
DA:113,8
DA:114,2
DA:115,2
DA:116,2
DA:117,1
DA:119,1
DA:120,1
DA:125,0
DA:126,0
DA:130,0
DA:131,0
DA:132,0
DA:133,0
DA:134,0
DA:136,0
DA:137,0
DA:138,0
DA:139,0
DA:140,0
DA:141,0
DA:143,0
DA:144,0
DA:146,0
DA:148,0
DA:154,16
DA:155,4
DA:156,3
DA:157,3
DA:158,1
DA:160,2
DA:161,1
DA:166,1
DA:172,4
DA:173,4
DA:175,3
DA:176,3
DA:177,3
DA:188,2
DA:191,2
DA:192,2
DA:193,2
DA:194,2
DA:200,2
DA:201,2
DA:203,2
DA:207,0
DA:208,0
DA:213,8
DA:214,2
DA:219,0
DA:223,0
DA:224,0
DA:225,0
DA:226,0
DA:227,0
DA:228,0
DA:229,0
DA:230,0
DA:231,0
DA:233,0
DA:234,0
DA:235,0
DA:236,0
DA:237,0
DA:238,0
DA:239,0
DA:240,0
DA:241,0
DA:243,0
DA:244,0
DA:250,0
DA:254,0
DA:255,0
DA:256,0
DA:257,0
DA:258,0
DA:260,0
DA:261,0
DA:262,0
DA:263,0
DA:264,0
DA:265,0
DA:266,0
DA:267,0
DA:268,0
DA:270,0
DA:271,0
DA:276,0
DA:277,0
DA:281,0
DA:282,0
DA:283,0
DA:284,0
DA:286,0
DA:287,0
DA:288,0
DA:289,0
DA:290,0
DA:292,0
DA:293,0
DA:294,0
DA:295,0
DA:296,0
DA:297,0
DA:298,0
DA:300,0
DA:301,0
DA:306,0
DA:307,0
DA:308,0
DA:309,0
DA:310,0
DA:311,0
DA:314,0
DA:315,0
DA:316,0
DA:318,0
DA:319,0
DA:320,0
DA:322,0
DA:323,0
DA:325,0
DA:326,0
DA:329,0
DA:330,0
DA:332,0
DA:333,0
DA:336,0
DA:337,0
DA:343,0
DA:344,0
DA:345,0
DA:346,0
DA:347,0
DA:349,0
DA:350,0
DA:356,0
DA:357,0
DA:362,0
DA:363,0
DA:364,0
DA:365,0
DA:366,0
DA:368,0
DA:374,4
DA:375,1
DA:376,1
DA:377,1
DA:378,0
DA:383,0
DA:385,0
DA:386,0
DA:387,0
DA:389,1
DA:395,0
DA:396,0
DA:397,0
DA:398,0
DA:399,0
DA:400,0
DA:401,0
DA:403,0
DA:409,0
DA:410,0
DA:415,24
DA:416,6
DA:421,0
DA:422,0
DA:427,52
DA:428,13
DA:433,1
LF:203
LH:60
BRDA:46,0,0,0
BRDA:46,0,1,0
BRDA:72,1,0,6
BRDA:72,1,1,6
BRDA:81,2,0,0
BRDA:81,2,1,3
BRDA:94,3,0,2
BRDA:94,3,1,0
BRDA:99,4,0,1
BRDA:99,4,1,1
BRDA:102,5,0,0
BRDA:102,5,1,1
BRDA:133,6,0,0
BRDA:133,6,1,0
BRDA:143,7,0,0
BRDA:143,7,1,0
BRDA:156,8,0,0
BRDA:156,8,1,3
BRDA:156,9,0,3
BRDA:156,9,1,3
BRDA:156,10,0,0
BRDA:156,10,1,3
BRDA:156,11,0,3
BRDA:156,11,1,3
BRDA:157,12,0,1
BRDA:157,12,1,2
BRDA:160,13,0,1
BRDA:160,13,1,1
BRDA:200,14,0,2
BRDA:200,14,1,0
BRDA:276,15,0,0
BRDA:276,15,1,0
BRDA:276,16,0,0
BRDA:276,16,1,0
BRDA:282,17,0,0
BRDA:282,17,1,0
BRDA:289,18,0,0
BRDA:289,18,1,0
BRDA:296,19,0,0
BRDA:296,19,1,0
BRDA:306,20,0,0
BRDA:306,20,1,0
BRDA:306,21,0,0
BRDA:306,21,1,0
BRDA:310,22,0,0
BRDA:310,22,1,0
BRDA:315,23,0,0
BRDA:315,23,1,0
BRDA:318,24,0,0
BRDA:318,24,1,0
BRDA:319,25,0,0
BRDA:319,25,1,0
BRDA:325,26,0,0
BRDA:325,26,1,0
BRDA:332,27,0,0
BRDA:332,27,1,0
BRDA:334,28,0,0
BRDA:334,28,1,0
BRDA:378,29,0,0
BRDA:378,29,1,0
BRF:60
BRH:18
end_of_record
TN:
SF:src/script/auth/module/action/BackendError.ts
FN:24,(anonymous_6)
FNF:1
FNH:1
FNDA:8,(anonymous_6)
DA:24,16
DA:25,8
DA:26,8
DA:27,8
DA:28,8
DA:29,8
DA:30,8
LF:7
LH:7
BRF:0
BRH:0
end_of_record
TN:
SF:src/script/auth/module/action/ClientAction.ts
FN:28,(anonymous_7)
FN:29,(anonymous_8)
FN:30,(anonymous_9)
FN:30,(anonymous_10)
FN:43,(anonymous_12)
FN:44,(anonymous_13)
FN:44,(anonymous_14)
FN:56,(anonymous_16)
FN:57,(anonymous_17)
FN:57,(anonymous_18)
FN:74,(anonymous_20)
FNF:11
FNH:7
FNDA:1,(anonymous_7)
FNDA:2,(anonymous_8)
FNDA:4,(anonymous_9)
FNDA:2,(anonymous_10)
FNDA:2,(anonymous_12)
FNDA:4,(anonymous_13)
FNDA:2,(anonymous_14)
FNDA:0,(anonymous_16)
FNDA:0,(anonymous_17)
FNDA:0,(anonymous_18)
FNDA:0,(anonymous_20)
DA:28,4
DA:30,8
DA:31,2
DA:32,2
DA:33,2
DA:34,1
DA:35,1
DA:37,1
DA:38,1
DA:44,8
DA:45,2
DA:46,2
DA:47,2
DA:48,1
DA:50,1
DA:51,1
DA:57,0
DA:58,0
DA:59,0
DA:60,0
DA:64,0
DA:65,0
DA:66,0
DA:68,0
DA:69,0
DA:75,0
DA:76,0
DA:78,0
DA:79,0
DA:81,0
DA:82,0
DA:83,0
DA:84,0
DA:85,0
DA:87,0
DA:89,0
DA:90,0
DA:93,0
DA:102,1
LF:39
LH:17
BRDA:75,0,0,0
BRDA:75,0,1,0
BRDA:78,1,0,0
BRDA:78,1,1,0
BRDA:81,2,0,0
BRDA:81,2,1,0
BRDA:82,3,0,0
BRDA:82,3,1,0
BRDA:84,4,0,0
BRDA:84,4,1,0
BRDA:89,5,0,0
BRDA:89,5,1,0
BRF:12
BRH:0
end_of_record
TN:
SF:src/script/auth/module/action/ConversationAction.ts
FN:25,(anonymous_7)
FN:26,(anonymous_8)
FN:27,(anonymous_9)
FN:27,(anonymous_10)
FN:39,(anonymous_12)
FN:40,(anonymous_13)
FN:40,(anonymous_14)
FNF:7
FNH:7
FNDA:1,(anonymous_7)
FNDA:2,(anonymous_8)
FNDA:4,(anonymous_9)
FNDA:2,(anonymous_10)
FNDA:2,(anonymous_12)
FNDA:4,(anonymous_13)
FNDA:2,(anonymous_14)
DA:25,2
DA:27,8
DA:28,2
DA:29,2
DA:30,2
DA:31,1
DA:33,1
DA:34,1
DA:40,8
DA:41,2
DA:42,2
DA:43,2
DA:44,1
DA:45,1
DA:47,1
DA:48,1
DA:53,1
LF:17
LH:17
BRF:0
BRH:0
end_of_record
TN:
SF:src/script/auth/module/action/CookieAction.ts
FN:26,(anonymous_7)
FN:27,(anonymous_8)
FN:32,(anonymous_9)
FN:32,(anonymous_10)
FN:35,(anonymous_11)
FN:43,(anonymous_13)
FN:44,(anonymous_14)
FN:44,(anonymous_15)
FN:57,(anonymous_17)
FN:58,(anonymous_18)
FN:58,(anonymous_19)
FN:72,(anonymous_21)
FN:73,(anonymous_22)
FN:73,(anonymous_23)
FN:86,(anonymous_25)
FN:87,(anonymous_26)
FN:87,(anonymous_27)
FN:97,(anonymous_29)
FN:98,(anonymous_30)
FN:98,(anonymous_31)
FN:108,(anonymous_33)
FN:109,(anonymous_34)
FN:109,(anonymous_35)
FNF:23
FNH:1
FNDA:1,(anonymous_7)
FNDA:0,(anonymous_8)
FNDA:0,(anonymous_9)
FNDA:0,(anonymous_10)
FNDA:0,(anonymous_11)
FNDA:0,(anonymous_13)
FNDA:0,(anonymous_14)
FNDA:0,(anonymous_15)
FNDA:0,(anonymous_17)
FNDA:0,(anonymous_18)
FNDA:0,(anonymous_19)
FNDA:0,(anonymous_21)
FNDA:0,(anonymous_22)
FNDA:0,(anonymous_23)
FNDA:0,(anonymous_25)
FNDA:0,(anonymous_26)
FNDA:0,(anonymous_27)
FNDA:0,(anonymous_29)
FNDA:0,(anonymous_30)
FNDA:0,(anonymous_31)
FNDA:0,(anonymous_33)
FNDA:0,(anonymous_34)
FNDA:0,(anonymous_35)
DA:24,1
DA:26,7
DA:31,0
DA:32,0
DA:33,0
DA:34,0
DA:35,0
DA:36,0
DA:38,0
DA:43,0
DA:44,0
DA:45,0
DA:46,0
DA:47,0
DA:48,0
DA:49,0
DA:52,0
DA:57,0
DA:58,0
DA:59,0
DA:60,0
DA:61,0
DA:62,0
DA:63,0
DA:64,0
DA:67,0
DA:73,0
DA:74,0
DA:75,0
DA:76,0
DA:77,0
DA:78,0
DA:81,0
DA:87,0
DA:88,0
DA:89,0
DA:90,0
DA:92,0
DA:98,0
DA:99,0
DA:100,0
DA:101,0
DA:103,0
DA:109,0
DA:110,0
DA:111,0
DA:112,0
DA:113,0
DA:114,0
DA:117,0
DA:123,1
LF:51
LH:3
BRDA:31,0,0,0
BRDA:31,0,1,0
BRDA:31,1,0,0
BRDA:31,1,1,0
BRDA:31,2,0,0
BRDA:31,2,1,0
BRDA:31,3,0,0
BRDA:31,3,1,0
BRDA:43,4,0,0
BRDA:43,4,1,0
BRDA:43,5,0,0
BRDA:43,5,1,0
BRDA:47,6,0,0
BRDA:47,6,1,0
BRDA:57,7,0,0
BRDA:57,7,1,0
BRDA:57,8,0,0
BRDA:57,8,1,0
BRDA:60,9,0,0
BRDA:60,9,1,0
BRDA:63,10,0,0
BRDA:63,10,1,0
BRDA:76,11,0,0
BRDA:76,11,1,0
BRDA:76,12,0,0
BRDA:76,12,1,0
BRDA:76,13,0,0
BRDA:76,13,1,0
BRDA:111,14,0,0
BRDA:111,14,1,0
BRF:30
BRH:0
end_of_record
TN:
SF:src/script/auth/module/action/InvitationAction.ts
FN:31,(anonymous_7)
FN:32,(anonymous_8)
FN:33,(anonymous_9)
FN:33,(anonymous_10)
FN:38,(anonymous_11)
FN:67,(anonymous_13)
FN:68,(anonymous_14)
FN:68,(anonymous_15)
FNF:8
FNH:7
FNDA:1,(anonymous_7)
FNDA:2,(anonymous_8)
FNDA:4,(anonymous_9)
FNDA:2,(anonymous_10)
FNDA:0,(anonymous_11)
FNDA:5,(anonymous_13)
FNDA:10,(anonymous_14)
FNDA:5,(anonymous_15)
DA:31,2
DA:33,8
DA:34,2
DA:35,2
DA:36,2
DA:37,2
DA:38,2
DA:39,2
DA:40,0
DA:45,0
DA:46,0
DA:49,2
DA:56,2
DA:57,2
DA:58,2
DA:59,1
DA:61,1
DA:62,1
DA:68,20
DA:69,5
DA:74,1
LF:21
LH:18
BRDA:37,0,0,0
BRDA:37,0,1,2
BRDA:37,1,0,2
BRDA:37,1,1,2
BRDA:39,2,0,0
BRDA:39,2,1,2
BRF:6
BRH:4
end_of_record
TN:
SF:src/script/auth/module/action/LabeledError.ts
FN:25,(anonymous_1)
FNF:1
FNH:0
FNDA:0,(anonymous_1)
DA:25,0
DA:26,0
DA:27,0
DA:29,0
DA:30,0
DA:31,0
DA:33,0
DA:34,0
DA:35,0
LF:9
LH:0
BRDA:29,0,0,0
BRDA:29,0,1,0
BRF:2
BRH:0
end_of_record
TN:
SF:src/script/auth/module/action/LocalStorageAction.ts
FN:36,(anonymous_7)
FN:37,(anonymous_8)
FN:38,(anonymous_9)
FN:38,(anonymous_10)
FN:50,(anonymous_12)
FN:51,(anonymous_13)
FN:51,(anonymous_14)
FN:65,(anonymous_16)
FN:66,(anonymous_17)
FN:66,(anonymous_18)
FNF:10
FNH:1
FNDA:1,(anonymous_7)
FNDA:0,(anonymous_8)
FNDA:0,(anonymous_9)
FNDA:0,(anonymous_10)
FNDA:0,(anonymous_12)
FNDA:0,(anonymous_13)
FNDA:0,(anonymous_14)
FNDA:0,(anonymous_16)
FNDA:0,(anonymous_17)
FNDA:0,(anonymous_18)
DA:23,1
DA:36,3
DA:38,0
DA:39,0
DA:40,0
DA:41,0
DA:42,0
DA:44,0
DA:45,0
DA:51,0
DA:52,0
DA:54,0
DA:55,0
DA:56,0
DA:57,0
DA:59,0
DA:60,0
DA:66,0
DA:67,0
DA:68,0
DA:69,0
DA:70,0
DA:72,0
DA:73,0
DA:79,1
LF:25
LH:3
BRF:0
BRH:0
end_of_record
TN:
SF:src/script/auth/module/action/NavigationAction.ts
FN:22,(anonymous_1)
FN:23,(anonymous_2)
FN:24,(anonymous_3)
FNF:3
FNH:1
FNDA:1,(anonymous_1)
FNDA:0,(anonymous_2)
FNDA:0,(anonymous_3)
DA:22,1
DA:24,0
DA:25,0
DA:30,1
LF:4
LH:2
BRF:0
BRH:0
end_of_record
TN:
SF:src/script/auth/module/action/NotificationAction.ts
FN:23,(anonymous_7)
FN:24,(anonymous_8)
FN:25,(anonymous_9)
FN:25,(anonymous_10)
FN:37,(anonymous_12)
FN:38,(anonymous_13)
FN:38,(anonymous_14)
FN:43,(anonymous_16)
FN:44,(anonymous_17)
FN:44,(anonymous_18)
FNF:10
FNH:1
FNDA:1,(anonymous_7)
FNDA:0,(anonymous_8)
FNDA:0,(anonymous_9)
FNDA:0,(anonymous_10)
FNDA:0,(anonymous_12)
FNDA:0,(anonymous_13)
FNDA:0,(anonymous_14)
FNDA:0,(anonymous_16)
FNDA:0,(anonymous_17)
FNDA:0,(anonymous_18)
DA:23,3
DA:25,0
DA:26,0
DA:27,0
DA:28,0
DA:29,0
DA:31,0
DA:32,0
DA:38,0
DA:39,0
DA:44,0
DA:45,0
DA:50,1
LF:13
LH:2
BRF:0
BRH:0
end_of_record
TN:
SF:src/script/auth/module/action/RuntimeAction.ts
FN:28,(anonymous_7)
FN:29,(anonymous_8)
FN:30,(anonymous_9)
FN:31,(anonymous_10)
FN:42,(anonymous_11)
FN:43,(anonymous_12)
FN:43,(anonymous_13)
FN:54,(anonymous_15)
FN:55,(anonymous_16)
FN:55,(anonymous_17)
FN:66,(anonymous_19)
FN:69,(anonymous_20)
FN:86,(anonymous_21)
FN:106,(anonymous_22)
FN:108,(anonymous_23)
FN:111,(anonymous_24)
FN:119,(anonymous_25)
FNF:17
FNH:1
FNDA:1,(anonymous_7)
FNDA:0,(anonymous_8)
FNDA:0,(anonymous_9)
FNDA:0,(anonymous_10)
FNDA:0,(anonymous_11)
FNDA:0,(anonymous_12)
FNDA:0,(anonymous_13)
FNDA:0,(anonymous_15)
FNDA:0,(anonymous_16)
FNDA:0,(anonymous_17)
FNDA:0,(anonymous_19)
FNDA:0,(anonymous_20)
FNDA:0,(anonymous_21)
FNDA:0,(anonymous_22)
FNDA:0,(anonymous_23)
FNDA:0,(anonymous_24)
FNDA:0,(anonymous_25)
DA:28,5
DA:30,0
DA:31,0
DA:32,0
DA:34,0
DA:35,0
DA:36,0
DA:37,0
DA:43,0
DA:44,0
DA:45,0
DA:46,0
DA:47,0
DA:49,0
DA:55,0
DA:56,0
DA:57,0
DA:58,0
DA:59,0
DA:61,0
DA:67,0
DA:69,0
DA:70,0
DA:72,0
DA:74,0
DA:76,0
DA:77,0
DA:78,0
DA:79,0
DA:81,0
DA:88,0
DA:89,0
DA:91,0
DA:93,0
DA:94,0
DA:97,0
DA:100,0
DA:101,0
DA:103,0
DA:106,0
DA:107,0
DA:108,0
DA:111,0
DA:112,0
DA:113,0
DA:114,0
DA:115,0
DA:117,0
DA:119,0
DA:120,0
DA:121,0
DA:126,0
DA:130,1
LF:53
LH:2
BRDA:32,0,0,0
BRDA:32,0,1,0
BRDA:35,1,0,0
BRDA:35,1,1,0
BRDA:35,1,2,0
BRDA:36,2,0,0
BRDA:36,2,1,0
BRDA:36,3,0,0
BRDA:36,3,1,0
BRDA:71,4,0,0
BRDA:71,4,1,0
BRDA:71,4,2,0
BRDA:77,5,0,0
BRDA:77,5,1,0
BRDA:93,6,0,0
BRDA:93,6,1,0
BRDA:97,7,0,0
BRDA:97,7,1,0
BRDA:113,8,0,0
BRDA:113,8,1,0
BRF:20
BRH:0
end_of_record
TN:
SF:src/script/auth/module/action/SelfAction.ts
FN:31,(anonymous_7)
FN:32,(anonymous_8)
FN:33,(anonymous_9)
FN:33,(anonymous_10)
FN:39,(anonymous_11)
FN:50,(anonymous_13)
FN:51,(anonymous_14)
FN:51,(anonymous_15)
FN:64,(anonymous_17)
FN:65,(anonymous_18)
FN:65,(anonymous_19)
FN:81,(anonymous_21)
FN:82,(anonymous_22)
FN:82,(anonymous_23)
FN:103,(anonymous_25)
FN:104,(anonymous_26)
FN:104,(anonymous_27)
FN:116,(anonymous_29)
FN:117,(anonymous_30)
FN:117,(anonymous_31)
FN:129,(anonymous_33)
FN:130,(anonymous_34)
FN:130,(anonymous_35)
FNF:23
FNH:17
FNDA:1,(anonymous_7)
FNDA:2,(anonymous_8)
FNDA:4,(anonymous_9)
FNDA:2,(anonymous_10)
FNDA:1,(anonymous_11)
FNDA:0,(anonymous_13)
FNDA:0,(anonymous_14)
FNDA:0,(anonymous_15)
FNDA:2,(anonymous_17)
FNDA:4,(anonymous_18)
FNDA:2,(anonymous_19)
FNDA:0,(anonymous_21)
FNDA:0,(anonymous_22)
FNDA:0,(anonymous_23)
FNDA:2,(anonymous_25)
FNDA:4,(anonymous_26)
FNDA:2,(anonymous_27)
FNDA:2,(anonymous_29)
FNDA:4,(anonymous_30)
FNDA:2,(anonymous_31)
FNDA:3,(anonymous_33)
FNDA:6,(anonymous_34)
FNDA:3,(anonymous_35)
DA:29,1
DA:31,7
DA:33,8
DA:34,2
DA:35,2
DA:36,2
DA:37,1
DA:38,1
DA:39,1
DA:40,1
DA:41,1
DA:42,1
DA:44,1
DA:45,1
DA:51,0
DA:52,0
DA:53,0
DA:54,0
DA:55,0
DA:56,0
DA:58,0
DA:59,0
DA:65,8
DA:66,2
DA:67,0
DA:68,0
DA:70,2
DA:71,2
DA:72,2
DA:73,0
DA:75,2
DA:76,2
DA:82,0
DA:83,0
DA:84,0
DA:85,0
DA:87,0
DA:88,0
DA:93,0
DA:94,0
DA:95,0
DA:97,0
DA:98,0
DA:104,8
DA:105,2
DA:106,2
DA:107,2
DA:108,1
DA:110,1
DA:111,1
DA:117,8
DA:118,2
DA:119,2
DA:120,2
DA:121,1
DA:123,1
DA:124,1
DA:130,12
DA:131,3
DA:132,3
DA:133,3
DA:134,1
DA:135,1
DA:137,2
DA:138,1
DA:139,1
DA:141,1
DA:142,1
DA:148,1
LF:69
LH:47
BRDA:40,0,0,0
BRDA:40,0,1,1
BRDA:40,1,0,1
BRDA:40,1,1,1
BRDA:66,2,0,0
BRDA:66,2,1,2
BRDA:83,3,0,0
BRDA:83,3,1,0
BRDA:137,4,0,1
BRDA:137,4,1,1
BRDA:137,5,0,0
BRDA:137,5,1,2
BRDA:137,6,0,2
BRDA:137,6,1,2
BRF:14
BRH:9
end_of_record
TN:
SF:src/script/auth/module/action/UserAction.ts
FN:24,(anonymous_7)
FN:25,(anonymous_8)
FN:26,(anonymous_9)
FN:26,(anonymous_10)
FN:32,(anonymous_12)
FN:33,(anonymous_13)
FN:33,(anonymous_14)
FNF:7
FNH:7
FNDA:1,(anonymous_7)
FNDA:2,(anonymous_8)
FNDA:4,(anonymous_9)
FNDA:2,(anonymous_10)
FNDA:2,(anonymous_12)
FNDA:4,(anonymous_13)
FNDA:2,(anonymous_14)
DA:24,2
DA:26,8
DA:27,2
DA:28,0
DA:33,8
DA:34,2
DA:35,2
DA:36,2
DA:37,1
DA:39,1
DA:40,1
DA:46,1
LF:12
LH:11
BRF:0
BRH:0
end_of_record
TN:
SF:src/script/auth/module/action/ValidationError.ts
FN:33,(anonymous_6)
FN:39,(anonymous_7)
FN:43,(anonymous_8)
FN:51,(anonymous_9)
FN:72,(anonymous_10)
FN:73,(anonymous_11)
FN:76,(anonymous_12)
FN:78,(anonymous_13)
FN:92,(anonymous_14)
FN:93,(anonymous_15)
FNF:10
FNH:9
FNDA:9,(anonymous_6)
FNDA:0,(anonymous_7)
FNDA:9,(anonymous_8)
FNDA:9,(anonymous_9)
FNDA:9,(anonymous_10)
FNDA:26,(anonymous_11)
FNDA:6,(anonymous_12)
FNDA:42,(anonymous_13)
FNDA:9,(anonymous_14)
FNDA:25,(anonymous_15)
DA:33,18
DA:34,9
DA:35,9
DA:36,9
DA:40,0
DA:44,9
DA:45,9
DA:46,27
DA:48,9
DA:52,9
DA:53,9
DA:54,9
DA:55,22
DA:56,9
DA:59,0
DA:73,52
DA:77,6
DA:78,84
DA:93,50
LF:19
LH:17
BRDA:55,0,0,9
BRDA:55,0,1,13
BRDA:55,1,0,22
BRDA:55,1,1,22
BRF:4
BRH:4
end_of_record
TN:
SF:src/script/auth/module/action/WebSocketAction.ts
FN:31,(anonymous_7)
FN:34,(anonymous_8)
FN:35,(anonymous_9)
FN:35,(anonymous_10)
FN:47,(anonymous_12)
FN:48,(anonymous_13)
FN:48,(anonymous_14)
FN:50,(anonymous_15)
FN:56,(anonymous_16)
FN:56,(anonymous_17)
FNF:10
FNH:1
FNDA:1,(anonymous_7)
FNDA:0,(anonymous_8)
FNDA:0,(anonymous_9)
FNDA:0,(anonymous_10)
FNDA:0,(anonymous_12)
FNDA:0,(anonymous_13)
FNDA:0,(anonymous_14)
FNDA:0,(anonymous_15)
FNDA:0,(anonymous_16)
FNDA:0,(anonymous_17)
DA:31,4
DA:35,0
DA:36,0
DA:37,0
DA:38,0
DA:39,0
DA:42,0
DA:48,0
DA:49,0
DA:50,0
DA:51,0
DA:56,0
DA:57,0
DA:60,0
DA:61,0
DA:63,0
DA:68,0
DA:69,0
DA:71,0
DA:72,0
DA:74,0
DA:75,0
DA:76,0
DA:77,0
DA:79,0
DA:88,1
LF:26
LH:2
BRDA:62,0,0,0
BRDA:71,1,0,0
BRDA:71,1,1,0
BRDA:73,2,0,0
BRDA:76,3,0,0
BRDA:76,3,1,0
BRF:6
BRH:0
end_of_record
TN:
SF:src/script/auth/module/action/WrapperEventAction.ts
FN:25,(anonymous_12)
FN:33,(anonymous_13)
FN:34,(anonymous_14)
FN:35,(anonymous_15)
FNF:4
FNH:1
FNDA:0,(anonymous_12)
FNDA:1,(anonymous_13)
FNDA:0,(anonymous_14)
FNDA:0,(anonymous_15)
DA:26,0
DA:33,1
DA:35,0
DA:36,0
DA:37,0
DA:42,1
LF:6
LH:2
BRF:0
BRH:0
end_of_record
TN:
SF:src/script/auth/module/action/index.ts
FNF:0
FNH:0
DA:50,1
LF:1
LH:1
BRF:0
BRH:0
end_of_record
TN:
SF:src/script/auth/module/action/creator/AuthActionCreator.ts
FN:272,(anonymous_2)
FN:276,(anonymous_3)
FN:280,(anonymous_4)
FN:285,(anonymous_5)
FN:289,(anonymous_6)
FN:294,(anonymous_7)
FN:299,(anonymous_8)
FN:303,(anonymous_9)
FN:308,(anonymous_10)
FN:313,(anonymous_11)
FN:317,(anonymous_12)
FN:322,(anonymous_13)
FN:327,(anonymous_14)
FN:331,(anonymous_15)
FN:336,(anonymous_16)
FN:341,(anonymous_17)
FN:345,(anonymous_18)
FN:350,(anonymous_19)
FN:355,(anonymous_20)
FN:359,(anonymous_21)
FN:363,(anonymous_22)
FN:368,(anonymous_23)
FN:372,(anonymous_24)
FN:376,(anonymous_25)
FN:381,(anonymous_26)
FN:385,(anonymous_27)
FN:390,(anonymous_28)
FN:395,(anonymous_29)
FN:399,(anonymous_30)
FN:403,(anonymous_31)
FN:408,(anonymous_32)
FN:412,(anonymous_33)
FN:417,(anonymous_34)
FN:421,(anonymous_35)
FN:425,(anonymous_36)
FN:430,(anonymous_37)
FN:435,(anonymous_38)
FN:439,(anonymous_39)
FN:443,(anonymous_40)
FN:447,(anonymous_41)
FNF:40
FNH:11
FNDA:6,(anonymous_2)
FNDA:4,(anonymous_3)
FNDA:8,(anonymous_4)
FNDA:4,(anonymous_5)
FNDA:2,(anonymous_6)
FNDA:2,(anonymous_7)
FNDA:0,(anonymous_8)
FNDA:0,(anonymous_9)
FNDA:0,(anonymous_10)
FNDA:0,(anonymous_11)
FNDA:0,(anonymous_12)
FNDA:0,(anonymous_13)
FNDA:0,(anonymous_14)
FNDA:0,(anonymous_15)
FNDA:0,(anonymous_16)
FNDA:0,(anonymous_17)
FNDA:0,(anonymous_18)
FNDA:0,(anonymous_19)
FNDA:0,(anonymous_20)
FNDA:0,(anonymous_21)
FNDA:0,(anonymous_22)
FNDA:0,(anonymous_23)
FNDA:0,(anonymous_24)
FNDA:0,(anonymous_25)
FNDA:0,(anonymous_26)
FNDA:0,(anonymous_27)
FNDA:0,(anonymous_28)
FNDA:2,(anonymous_29)
FNDA:0,(anonymous_30)
FNDA:2,(anonymous_31)
FNDA:0,(anonymous_32)
FNDA:0,(anonymous_33)
FNDA:13,(anonymous_34)
FNDA:0,(anonymous_35)
FNDA:0,(anonymous_36)
FNDA:2,(anonymous_37)
FNDA:0,(anonymous_38)
FNDA:6,(anonymous_39)
FNDA:0,(anonymous_40)
FNDA:0,(anonymous_41)
DA:272,6
DA:276,4
DA:280,8
DA:285,4
DA:289,2
DA:294,2
DA:299,0
DA:303,0
DA:308,0
DA:313,0
DA:317,0
DA:322,0
DA:327,0
DA:331,0
DA:336,0
DA:341,0
DA:345,0
DA:350,0
DA:355,0
DA:359,0
DA:363,0
DA:368,0
DA:372,0
DA:376,0
DA:381,0
DA:385,0
DA:390,0
DA:395,2
DA:399,0
DA:403,2
DA:408,0
DA:412,0
DA:417,13
DA:421,0
DA:425,0
DA:430,2
DA:435,0
DA:439,6
DA:443,0
DA:447,0
LF:40
LH:11
BRDA:26,0,0,1
BRF:1
BRH:1
end_of_record
TN:
SF:src/script/auth/module/action/creator/ClientActionCreator.ts
FN:96,(anonymous_2)
FN:99,(anonymous_3)
FN:103,(anonymous_4)
FN:108,(anonymous_5)
FN:111,(anonymous_6)
FN:115,(anonymous_7)
FN:120,(anonymous_8)
FN:123,(anonymous_9)
FN:130,(anonymous_10)
FN:135,(anonymous_11)
FNF:10
FNH:6
FNDA:4,(anonymous_2)
FNDA:2,(anonymous_3)
FNDA:2,(anonymous_4)
FNDA:4,(anonymous_5)
FNDA:2,(anonymous_6)
FNDA:2,(anonymous_7)
FNDA:0,(anonymous_8)
FNDA:0,(anonymous_9)
FNDA:0,(anonymous_10)
FNDA:0,(anonymous_11)
DA:96,4
DA:99,2
DA:103,2
DA:108,4
DA:111,2
DA:115,2
DA:120,0
DA:126,0
DA:130,0
DA:135,0
LF:10
LH:6
BRDA:24,0,0,1
BRF:1
BRH:1
end_of_record
TN:
SF:src/script/auth/module/action/creator/ConversationActionCreator.ts
FN:65,(anonymous_2)
FN:68,(anonymous_3)
FN:71,(anonymous_4)
FN:76,(anonymous_5)
FN:79,(anonymous_6)
FN:83,(anonymous_7)
FNF:6
FNH:6
FNDA:4,(anonymous_2)
FNDA:2,(anonymous_3)
FNDA:2,(anonymous_4)
FNDA:4,(anonymous_5)
FNDA:2,(anonymous_6)
FNDA:2,(anonymous_7)
DA:65,4
DA:68,2
DA:71,2
DA:76,4
DA:79,2
DA:83,2
LF:6
LH:6
BRDA:24,0,0,1
BRF:1
BRH:1
end_of_record
TN:
SF:src/script/auth/module/action/creator/CookieActionCreator.ts
FN:107,(anonymous_2)
FN:111,(anonymous_3)
FN:115,(anonymous_4)
FN:120,(anonymous_5)
FN:124,(anonymous_6)
FN:128,(anonymous_7)
FN:133,(anonymous_8)
FN:137,(anonymous_9)
FN:141,(anonymous_10)
FN:146,(anonymous_11)
FN:150,(anonymous_12)
FN:154,(anonymous_13)
FNF:12
FNH:0
FNDA:0,(anonymous_2)
FNDA:0,(anonymous_3)
FNDA:0,(anonymous_4)
FNDA:0,(anonymous_5)
FNDA:0,(anonymous_6)
FNDA:0,(anonymous_7)
FNDA:0,(anonymous_8)
FNDA:0,(anonymous_9)
FNDA:0,(anonymous_10)
FNDA:0,(anonymous_11)
FNDA:0,(anonymous_12)
FNDA:0,(anonymous_13)
DA:107,0
DA:111,0
DA:115,0
DA:120,0
DA:124,0
DA:128,0
DA:133,0
DA:137,0
DA:141,0
DA:146,0
DA:150,0
DA:154,0
LF:12
LH:0
BRDA:22,0,0,1
BRF:1
BRH:1
end_of_record
TN:
SF:src/script/auth/module/action/creator/InvitationActionCreator.ts
FN:53,(anonymous_2)
FN:56,(anonymous_3)
FN:60,(anonymous_4)
FN:65,(anonymous_5)
FNF:4
FNH:4
FNDA:4,(anonymous_2)
FNDA:2,(anonymous_3)
FNDA:2,(anonymous_4)
FNDA:5,(anonymous_5)
DA:53,4
DA:56,2
DA:60,2
DA:65,5
LF:4
LH:4
BRDA:22,0,0,1
BRF:1
BRH:1
end_of_record
TN:
SF:src/script/auth/module/action/creator/LanguageActionCreator.ts
FN:43,(anonymous_2)
FN:46,(anonymous_3)
FN:50,(anonymous_4)
FNF:3
FNH:0
FNDA:0,(anonymous_2)
FNDA:0,(anonymous_3)
FNDA:0,(anonymous_4)
DA:43,0
DA:46,0
DA:50,0
LF:3
LH:0
BRDA:22,0,0,1
BRF:1
BRH:1
end_of_record
TN:
SF:src/script/auth/module/action/creator/LocalStorageActionCreator.ts
FN:84,(anonymous_2)
FN:87,(anonymous_3)
FN:91,(anonymous_4)
FN:96,(anonymous_5)
FN:99,(anonymous_6)
FN:103,(anonymous_7)
FN:108,(anonymous_8)
FN:111,(anonymous_9)
FN:115,(anonymous_10)
FNF:9
FNH:0
FNDA:0,(anonymous_2)
FNDA:0,(anonymous_3)
FNDA:0,(anonymous_4)
FNDA:0,(anonymous_5)
FNDA:0,(anonymous_6)
FNDA:0,(anonymous_7)
FNDA:0,(anonymous_8)
FNDA:0,(anonymous_9)
FNDA:0,(anonymous_10)
DA:84,0
DA:87,0
DA:91,0
DA:96,0
DA:99,0
DA:103,0
DA:108,0
DA:111,0
DA:115,0
LF:9
LH:0
BRDA:22,0,0,1
BRF:1
BRH:1
end_of_record
TN:
SF:src/script/auth/module/action/creator/NotificationActionCreator.ts
FN:52,(anonymous_2)
FN:55,(anonymous_3)
FN:59,(anonymous_4)
FN:64,(anonymous_5)
FNF:4
FNH:0
FNDA:0,(anonymous_2)
FNDA:0,(anonymous_3)
FNDA:0,(anonymous_4)
FNDA:0,(anonymous_5)
DA:52,0
DA:55,0
DA:59,0
DA:64,0
LF:4
LH:0
BRDA:22,0,0,1
BRF:1
BRH:1
end_of_record
TN:
SF:src/script/auth/module/action/creator/RuntimeActionCreator.ts
FN:58,(anonymous_2)
FN:61,(anonymous_3)
FN:66,(anonymous_4)
FN:69,(anonymous_5)
FN:74,(anonymous_6)
FNF:5
FNH:0
FNDA:0,(anonymous_2)
FNDA:0,(anonymous_3)
FNDA:0,(anonymous_4)
FNDA:0,(anonymous_5)
FNDA:0,(anonymous_6)
DA:58,0
DA:61,0
DA:66,0
DA:69,0
DA:74,0
LF:5
LH:0
BRDA:22,0,0,1
BRF:1
BRH:1
end_of_record
TN:
SF:src/script/auth/module/action/creator/SelfActionCreator.ts
FN:161,(anonymous_2)
FN:164,(anonymous_3)
FN:168,(anonymous_4)
FN:173,(anonymous_5)
FN:176,(anonymous_6)
FN:180,(anonymous_7)
FN:185,(anonymous_8)
FN:188,(anonymous_9)
FN:192,(anonymous_10)
FN:197,(anonymous_11)
FN:200,(anonymous_12)
FN:204,(anonymous_13)
FN:209,(anonymous_14)
FN:212,(anonymous_15)
FN:216,(anonymous_16)
FN:221,(anonymous_17)
FN:224,(anonymous_18)
FN:228,(anonymous_19)
FN:233,(anonymous_20)
FN:236,(anonymous_21)
FN:239,(anonymous_22)
FNF:21
FNH:14
FNDA:0,(anonymous_2)
FNDA:0,(anonymous_3)
FNDA:0,(anonymous_4)
FNDA:6,(anonymous_5)
FNDA:4,(anonymous_6)
FNDA:2,(anonymous_7)
FNDA:4,(anonymous_8)
FNDA:2,(anonymous_9)
FNDA:2,(anonymous_10)
FNDA:2,(anonymous_11)
FNDA:0,(anonymous_12)
FNDA:2,(anonymous_13)
FNDA:0,(anonymous_14)
FNDA:0,(anonymous_15)
FNDA:0,(anonymous_16)
FNDA:4,(anonymous_17)
FNDA:2,(anonymous_18)
FNDA:2,(anonymous_19)
FNDA:4,(anonymous_20)
FNDA:2,(anonymous_21)
FNDA:2,(anonymous_22)
DA:161,0
DA:164,0
DA:168,0
DA:173,6
DA:176,8
DA:180,2
DA:185,4
DA:188,2
DA:192,2
DA:197,2
DA:200,0
DA:204,2
DA:209,0
DA:212,0
DA:216,0
DA:221,4
DA:224,2
DA:228,2
DA:233,4
DA:236,2
DA:239,2
LF:21
LH:14
BRDA:24,0,0,1
BRF:1
BRH:1
end_of_record
TN:
SF:src/script/auth/module/action/creator/UserActionCreator.ts
FN:45,(anonymous_2)
FN:48,(anonymous_3)
FN:51,(anonymous_4)
FNF:3
FNH:3
FNDA:4,(anonymous_2)
FNDA:2,(anonymous_3)
FNDA:2,(anonymous_4)
DA:45,4
DA:48,2
DA:51,2
LF:3
LH:3
BRDA:22,0,0,1
BRF:1
BRH:1
end_of_record
TN:
SF:src/script/auth/module/action/creator/index.ts
FNF:0
FNH:0
LF:0
LH:0
BRF:0
BRH:0
end_of_record
TN:
SF:src/script/auth/module/reducer/authReducer.ts
FN:88,authReducer
FNF:1
FNH:0
FNDA:0,authReducer
DA:58,1
DA:88,0
DA:89,0
DA:95,0
DA:103,0
DA:110,0
DA:121,0
DA:133,0
DA:143,0
DA:149,0
DA:156,0
DA:162,0
DA:165,0
DA:168,0
DA:171,0
DA:174,0
DA:177,0
DA:184,0
DA:187,0
DA:190,0
DA:193,0
DA:196,0
DA:202,0
LF:23
LH:1
BRDA:81,0,0,0
BRDA:81,0,1,1
BRDA:88,1,0,0
BRDA:88,1,1,0
BRDA:88,2,0,0
BRDA:88,2,1,0
BRDA:90,3,0,0
BRDA:90,3,1,0
BRDA:90,3,2,0
BRDA:90,3,3,0
BRDA:90,3,4,0
BRDA:90,3,5,0
BRDA:90,3,6,0
BRDA:90,3,7,0
BRDA:90,3,8,0
BRDA:90,3,9,0
BRDA:90,3,10,0
BRDA:90,3,11,0
BRDA:90,3,12,0
BRDA:90,3,13,0
BRDA:90,3,14,0
BRDA:90,3,15,0
BRDA:90,3,16,0
BRDA:90,3,17,0
BRDA:90,3,18,0
BRDA:90,3,19,0
BRDA:90,3,20,0
BRDA:90,3,21,0
BRDA:90,3,22,0
BRDA:90,3,23,0
BRDA:90,3,24,0
BRDA:90,3,25,0
BRDA:90,3,26,0
BRDA:90,3,27,0
BRDA:90,3,28,0
BRDA:90,3,29,0
BRDA:90,3,30,0
BRDA:90,3,31,0
BRF:38
BRH:1
end_of_record
TN:
SF:src/script/auth/module/reducer/clientReducer.ts
FN:42,clientReducer
FN:81,(anonymous_7)
FNF:2
FNH:0
FNDA:0,clientReducer
FNDA:0,(anonymous_7)
DA:33,1
DA:42,0
DA:43,0
DA:45,0
DA:52,0
DA:58,0
DA:66,0
DA:73,0
DA:79,0
DA:81,0
DA:87,0
DA:94,0
DA:97,0
DA:100,0
DA:103,0
DA:106,0
LF:16
LH:1
BRDA:42,0,0,0
BRDA:42,0,1,0
BRDA:42,1,0,0
BRDA:42,1,1,0
BRDA:44,2,0,0
BRDA:44,2,1,0
BRDA:44,2,2,0
BRDA:44,2,3,0
BRDA:44,2,4,0
BRDA:44,2,5,0
BRDA:44,2,6,0
BRDA:44,2,7,0
BRDA:44,2,8,0
BRDA:44,2,9,0
BRDA:44,2,10,0
BRDA:44,2,11,0
BRF:16
BRH:0
end_of_record
TN:
SF:src/script/auth/module/reducer/conversationReducer.ts
FN:34,conversationReducer
FNF:1
FNH:0
FNDA:0,conversationReducer
DA:28,1
DA:37,0
DA:38,0
DA:41,0
DA:49,0
DA:57,0
DA:63,0
LF:7
LH:1
BRDA:37,0,0,0
BRDA:37,0,1,0
BRDA:37,1,0,0
BRDA:37,1,1,0
BRDA:39,2,0,0
BRDA:39,2,1,0
BRDA:39,2,2,0
BRDA:39,2,3,0
BRDA:39,2,4,0
BRDA:39,2,5,0
BRDA:39,2,6,0
BRF:11
BRH:0
end_of_record
TN:
SF:src/script/auth/module/reducer/cookieReducer.ts
FN:38,cookieReducer
FNF:1
FNH:0
FNDA:0,cookieReducer
DA:30,1
DA:38,0
DA:39,0
DA:41,0
DA:42,0
DA:52,0
DA:53,0
DA:54,0
DA:55,0
DA:64,0
DA:70,0
DA:77,0
DA:78,0
DA:89,0
DA:96,0
LF:15
LH:1
BRDA:38,0,0,0
BRDA:38,0,1,0
BRDA:38,1,0,0
BRDA:38,1,1,0
BRDA:40,2,0,0
BRDA:40,2,1,0
BRDA:40,2,2,0
BRDA:40,2,3,0
BRDA:40,2,4,0
BRDA:40,2,5,0
BRDA:40,2,6,0
BRF:11
BRH:0
end_of_record
TN:
SF:src/script/auth/module/reducer/index.ts
FNF:0
FNH:0
DA:57,1
DA:80,1
DA:82,1
LF:3
LH:3
BRF:0
BRH:0
end_of_record
TN:
SF:src/script/auth/module/reducer/inviteReducer.ts
FN:36,invitationReducer
FNF:1
FNH:0
FNDA:0,invitationReducer
DA:30,1
DA:39,0
DA:40,0
DA:42,0
DA:48,0
DA:55,0
DA:62,0
DA:65,0
LF:8
LH:1
BRDA:39,0,0,0
BRDA:39,0,1,0
BRDA:39,1,0,0
BRDA:39,1,1,0
BRDA:41,2,0,0
BRDA:41,2,1,0
BRDA:41,2,2,0
BRDA:41,2,3,0
BRDA:41,2,4,0
BRF:9
BRH:0
end_of_record
TN:
SF:src/script/auth/module/reducer/languageReducer.ts
FN:31,languageReducer
FNF:1
FNH:0
FNDA:0,languageReducer
DA:27,1
DA:31,0
DA:32,0
DA:34,0
DA:38,0
LF:5
LH:1
BRDA:31,0,0,0
BRDA:31,0,1,0
BRDA:31,1,0,0
BRDA:31,1,1,0
BRDA:33,2,0,0
BRDA:33,2,1,0
BRDA:35,3,0,0
BRDA:35,3,1,0
BRF:8
BRH:0
end_of_record
TN:
SF:src/script/auth/module/reducer/runtimeReducer.ts
FN:38,runtimeReducer
FNF:1
FNH:0
FNDA:0,runtimeReducer
DA:30,1
DA:38,0
DA:39,0
DA:41,0
DA:46,0
DA:51,0
DA:57,0
DA:63,0
DA:68,0
LF:9
LH:1
BRDA:38,0,0,0
BRDA:38,0,1,0
BRDA:38,1,0,0
BRDA:38,1,1,0
BRDA:40,2,0,0
BRDA:40,2,1,0
BRDA:40,2,2,0
BRDA:40,2,3,0
BRDA:40,2,4,0
BRDA:40,2,5,0
BRF:10
BRH:0
end_of_record
TN:
SF:src/script/auth/module/reducer/selfReducer.ts
FN:42,selfReducer
FN:75,(anonymous_7)
FNF:2
FNH:0
FNDA:0,selfReducer
FNDA:0,(anonymous_7)
DA:33,1
DA:42,0
DA:43,0
DA:48,0
DA:56,0
DA:64,0
DA:73,0
DA:76,0
DA:77,0
DA:85,0
DA:91,0
DA:98,0
DA:104,0
LF:13
LH:1
BRDA:42,0,0,0
BRDA:42,0,1,0
BRDA:42,1,0,0
BRDA:42,1,1,0
BRDA:44,2,0,0
BRDA:44,2,1,0
BRDA:44,2,2,0
BRDA:44,2,3,0
BRDA:44,2,4,0
BRDA:44,2,5,0
BRDA:44,2,6,0
BRDA:44,2,7,0
BRDA:44,2,8,0
BRDA:44,2,9,0
BRDA:44,2,10,0
BRDA:44,2,11,0
BRDA:44,2,12,0
BRDA:44,2,13,0
BRF:18
BRH:0
end_of_record
TN:
SF:src/script/auth/module/selector/AuthSelector.ts
FN:55,(anonymous_0)
FN:56,(anonymous_1)
FN:57,(anonymous_2)
FN:58,(anonymous_3)
FN:59,(anonymous_4)
FN:60,(anonymous_5)
FN:61,(anonymous_6)
FN:62,(anonymous_7)
FN:63,(anonymous_8)
FN:64,(anonymous_9)
FN:65,(anonymous_10)
FN:67,(anonymous_11)
FN:68,(anonymous_12)
FN:69,(anonymous_13)
FNF:14
FNH:10
FNDA:42,(anonymous_0)
FNDA:24,(anonymous_1)
FNDA:0,(anonymous_2)
FNDA:16,(anonymous_3)
FNDA:0,(anonymous_4)
FNDA:22,(anonymous_5)
FNDA:14,(anonymous_6)
FNDA:46,(anonymous_7)
FNDA:52,(anonymous_8)
FNDA:6,(anonymous_9)
FNDA:6,(anonymous_10)
FNDA:0,(anonymous_11)
FNDA:4,(anonymous_12)
FNDA:0,(anonymous_13)
DA:25,1
DA:31,1
DA:47,1
DA:55,42
DA:56,24
DA:57,1
DA:58,16
DA:59,1
DA:60,22
DA:61,14
DA:62,46
DA:63,52
DA:64,6
DA:65,6
DA:67,1
DA:68,4
DA:69,1
LF:17
LH:17
BRDA:58,0,0,0
BRDA:58,0,1,16
BRDA:58,1,0,16
BRDA:58,1,1,16
BRDA:59,2,0,0
BRDA:59,2,1,0
BRDA:59,3,0,0
BRDA:59,3,1,0
BRDA:63,4,0,52
BRDA:63,4,1,0
BRDA:64,5,0,6
BRDA:64,5,1,5
BRF:12
BRH:6
end_of_record
TN:
SF:src/script/auth/module/selector/ClientSelector.ts
FN:24,(anonymous_0)
FN:25,(anonymous_1)
FN:26,(anonymous_2)
FN:27,(anonymous_3)
FN:28,(anonymous_4)
FN:29,(anonymous_5)
FN:30,(anonymous_6)
FN:31,(anonymous_7)
FN:32,(anonymous_8)
FN:33,(anonymous_9)
FNF:10
FNH:1
FNDA:0,(anonymous_0)
FNDA:0,(anonymous_1)
FNDA:0,(anonymous_2)
FNDA:0,(anonymous_3)
FNDA:0,(anonymous_4)
FNDA:0,(anonymous_5)
FNDA:0,(anonymous_6)
FNDA:0,(anonymous_7)
FNDA:0,(anonymous_8)
FNDA:6,(anonymous_9)
DA:24,1
DA:25,1
DA:26,1
DA:27,1
DA:28,0
DA:29,1
DA:30,0
DA:31,1
DA:32,1
DA:33,6
LF:10
LH:8
BRDA:24,0,0,0
BRDA:24,0,1,0
BRDA:28,1,0,0
BRDA:28,1,1,0
BRDA:30,2,0,0
BRDA:30,2,1,0
BRF:6
BRH:0
end_of_record
TN:
SF:src/script/auth/module/selector/CookieSelector.ts
FN:25,(anonymous_0)
FN:30,(anonymous_1)
FN:31,(anonymous_2)
FN:32,(anonymous_3)
FNF:4
FNH:2
FNDA:10,(anonymous_0)
FNDA:10,(anonymous_1)
FNDA:0,(anonymous_2)
FNDA:0,(anonymous_3)
DA:23,1
DA:25,1
DA:26,10
DA:28,10
DA:30,10
DA:31,1
DA:32,1
LF:7
LH:7
BRDA:28,0,0,0
BRDA:28,0,1,10
BRDA:30,1,0,10
BRDA:30,1,1,0
BRF:4
BRH:2
end_of_record
TN:
SF:src/script/auth/module/selector/InviteSelector.ts
FN:22,(anonymous_0)
FN:23,(anonymous_1)
FN:24,(anonymous_2)
FNF:3
FNH:1
FNDA:2,(anonymous_0)
FNDA:0,(anonymous_1)
FNDA:0,(anonymous_2)
DA:22,2
DA:23,1
DA:24,1
LF:3
LH:3
BRF:0
BRH:0
end_of_record
TN:
SF:src/script/auth/module/selector/LanguageSelector.ts
FN:22,(anonymous_0)
FNF:1
FNH:1
FNDA:2,(anonymous_0)
DA:22,2
LF:1
LH:1
BRF:0
BRH:0
end_of_record
TN:
SF:src/script/auth/module/selector/RuntimeSelector.ts
FN:22,(anonymous_0)
FN:24,(anonymous_1)
FN:25,(anonymous_2)
FN:26,(anonymous_3)
FNF:4
FNH:4
FNDA:42,(anonymous_0)
FNDA:42,(anonymous_1)
FNDA:42,(anonymous_2)
FNDA:42,(anonymous_3)
DA:22,1
DA:23,42
DA:24,42
DA:25,42
DA:26,42
LF:5
LH:5
BRDA:23,0,0,42
BRDA:23,0,1,42
BRF:2
BRH:2
end_of_record
TN:
SF:src/script/auth/module/selector/SelfSelector.ts
FN:37,(anonymous_0)
FN:38,(anonymous_1)
FN:39,(anonymous_2)
FN:40,(anonymous_3)
FN:41,(anonymous_4)
FN:42,(anonymous_5)
FN:43,(anonymous_6)
FN:44,(anonymous_7)
FN:45,(anonymous_8)
FN:46,(anonymous_9)
FN:47,(anonymous_10)
FN:48,(anonymous_11)
FN:49,(anonymous_12)
FN:50,(anonymous_13)
FN:51,(anonymous_14)
FNF:15
FNH:11
FNDA:0,(anonymous_0)
FNDA:16,(anonymous_1)
FNDA:0,(anonymous_2)
FNDA:2,(anonymous_3)
FNDA:3,(anonymous_4)
FNDA:4,(anonymous_5)
FNDA:2,(anonymous_6)
FNDA:2,(anonymous_7)
FNDA:3,(anonymous_8)
FNDA:2,(anonymous_9)
FNDA:7,(anonymous_10)
FNDA:5,(anonymous_11)
FNDA:0,(anonymous_12)
FNDA:0,(anonymous_13)
FNDA:2,(anonymous_14)
DA:25,1
DA:37,1
DA:38,16
DA:39,1
DA:40,2
DA:41,3
DA:42,4
DA:43,2
DA:44,2
DA:45,3
DA:46,2
DA:47,7
DA:48,5
DA:49,1
DA:50,1
DA:51,1
DA:52,2
LF:17
LH:17
BRDA:37,0,0,0
BRDA:37,0,1,0
BRDA:38,1,0,16
BRDA:38,1,1,0
BRDA:52,2,0,2
BRDA:52,2,1,0
BRF:6
BRH:2
end_of_record
TN:
SF:src/script/auth/page/CheckPassword.tsx
FN:52,(anonymous_6)
FN:62,(anonymous_7)
FN:68,(anonymous_8)
FN:68,(anonymous_9)
FN:68,handleLogin
FN:121,(anonymous_11)
FN:156,(anonymous_12)
FN:167,(anonymous_13)
FN:173,(anonymous_14)
FNF:9
FNH:8
FNDA:14,(anonymous_6)
FNDA:4,(anonymous_7)
FNDA:14,(anonymous_8)
FNDA:3,(anonymous_9)
FNDA:3,handleLogin
FNDA:4,(anonymous_11)
FNDA:0,(anonymous_12)
FNDA:4,(anonymous_13)
FNDA:4,(anonymous_14)
DA:52,14
DA:53,14
DA:54,14
DA:56,14
DA:58,14
DA:59,14
DA:60,14
DA:62,14
DA:63,4
DA:64,4
DA:68,45
DA:71,3
DA:72,0
DA:77,3
DA:78,3
DA:79,3
DA:80,0
DA:82,3
DA:83,3
DA:84,1
DA:86,2
DA:87,0
DA:88,0
DA:90,2
DA:92,1
DA:93,1
DA:94,1
DA:99,1
DA:100,1
DA:103,0
DA:104,0
DA:110,14
DA:121,4
DA:156,0
DA:167,4
DA:173,1
DA:174,4
LF:37
LH:30
BRDA:63,0,0,4
BRDA:63,0,1,0
BRDA:71,1,0,0
BRDA:71,1,1,3
BRDA:79,2,0,0
BRDA:79,2,1,3
BRDA:86,3,0,0
BRDA:86,3,1,2
BRDA:91,4,0,1
BRDA:91,4,1,1
BRDA:91,4,2,1
BRDA:91,4,3,1
BRDA:91,4,4,0
BRDA:136,5,0,0
BRDA:136,5,1,14
BRDA:144,6,0,14
BRDA:144,6,1,14
BRF:17
BRH:11
end_of_record
TN:
SF:src/script/auth/page/CustomEnvironmentRedirect.tsx
FN:37,(anonymous_0)
FN:43,(anonymous_1)
FN:48,(anonymous_2)
FN:51,(anonymous_3)
FN:58,(anonymous_4)
FN:60,(anonymous_5)
FN:132,(anonymous_6)
FNF:7
FNH:7
FNDA:3,(anonymous_0)
FNDA:1,(anonymous_1)
FNDA:2,(anonymous_2)
FNDA:1,(anonymous_3)
FNDA:1,(anonymous_4)
FNDA:1,(anonymous_5)
FNDA:1,(anonymous_6)
DA:36,1
DA:37,3
DA:38,3
DA:40,3
DA:41,3
DA:43,3
DA:44,1
DA:45,1
DA:48,3
DA:50,2
DA:51,1
DA:52,1
DA:53,0
DA:55,1
DA:58,1
DA:60,2
DA:61,1
DA:65,3
DA:132,1
DA:133,1
LF:20
LH:19
BRDA:50,0,0,1
BRDA:50,0,1,1
BRDA:52,1,0,0
BRDA:52,1,1,1
BRDA:87,2,0,0
BRDA:87,2,1,3
BRDA:87,3,0,6
BRDA:87,3,1,6
BRDA:87,4,0,0
BRDA:87,4,1,3
BRDA:99,5,0,1
BRDA:99,5,1,2
BRF:12
BRH:9
end_of_record
TN:
SF:src/script/auth/page/Index.tsx
FN:38,(anonymous_2)
FN:43,(anonymous_3)
FN:50,(anonymous_4)
FN:57,(anonymous_5)
FN:84,(anonymous_6)
FN:92,(anonymous_7)
FN:113,(anonymous_8)
FN:128,(anonymous_9)
FN:133,(anonymous_10)
FN:163,(anonymous_11)
FN:168,(anonymous_12)
FNF:11
FNH:9
FNDA:12,(anonymous_2)
FNDA:10,(anonymous_3)
FNDA:10,(anonymous_4)
FNDA:10,(anonymous_5)
FNDA:1,(anonymous_6)
FNDA:0,(anonymous_7)
FNDA:0,(anonymous_8)
FNDA:1,(anonymous_9)
FNDA:1,(anonymous_10)
FNDA:10,(anonymous_11)
FNDA:10,(anonymous_12)
DA:38,12
DA:39,12
DA:40,12
DA:41,12
DA:43,12
DA:45,10
DA:46,1
DA:50,12
DA:51,10
DA:52,10
DA:53,0
DA:57,12
DA:59,10
DA:64,3
DA:67,12
DA:84,1
DA:92,0
DA:113,0
DA:128,1
DA:133,1
DA:163,10
DA:168,10
LF:22
LH:19
BRDA:45,0,0,1
BRDA:45,0,1,9
BRDA:51,1,0,10
BRDA:51,1,1,10
BRDA:52,2,0,0
BRDA:52,2,1,10
BRDA:59,3,0,3
BRDA:59,3,1,7
BRDA:60,4,0,10
BRDA:60,4,1,5
BRDA:60,4,2,5
BRDA:71,5,0,0
BRDA:71,5,1,12
BRDA:71,6,0,24
BRDA:71,6,1,24
BRDA:71,7,0,0
BRDA:71,7,1,12
BRDA:82,8,0,2
BRDA:82,8,1,10
BRDA:101,9,0,2
BRDA:101,9,1,0
BRDA:111,10,0,2
BRDA:111,10,1,2
BRDA:111,10,2,0
BRDA:121,11,0,0
BRDA:121,11,1,0
BRDA:131,12,0,10
BRDA:131,12,1,9
BRDA:131,12,2,5
BRDA:141,13,0,5
BRDA:141,13,1,0
BRDA:145,14,0,10
BRDA:145,14,1,0
BRF:33
BRH:24
end_of_record
TN:
SF:src/script/auth/page/Login.tsx
FN:66,(anonymous_12)
FN:89,(anonymous_13)
FN:96,(anonymous_14)
FN:103,(anonymous_15)
FN:112,(anonymous_16)
FN:119,(anonymous_17)
FN:125,(anonymous_18)
FN:128,(anonymous_19)
FN:128,(anonymous_20)
FN:128,immediateLogin
FN:138,(anonymous_22)
FN:140,(anonymous_23)
FN:140,(anonymous_24)
FN:170,(anonymous_25)
FN:140,handleSubmit
FN:231,(anonymous_27)
FN:251,(anonymous_28)
FN:267,(anonymous_29)
FN:275,(anonymous_30)
FNF:19
FNH:11
FNDA:9,(anonymous_12)
FNDA:6,(anonymous_13)
FNDA:6,(anonymous_14)
FNDA:6,(anonymous_15)
FNDA:0,(anonymous_16)
FNDA:6,(anonymous_17)
FNDA:0,(anonymous_18)
FNDA:9,(anonymous_19)
FNDA:0,(anonymous_20)
FNDA:0,immediateLogin
FNDA:0,(anonymous_22)
FNDA:9,(anonymous_23)
FNDA:3,(anonymous_24)
FNDA:0,(anonymous_25)
FNDA:3,handleSubmit
FNDA:0,(anonymous_27)
FNDA:0,(anonymous_28)
FNDA:6,(anonymous_29)
FNDA:6,(anonymous_30)
DA:66,1
DA:78,9
DA:79,9
DA:80,9
DA:81,9
DA:83,9
DA:84,9
DA:86,9
DA:87,9
DA:89,9
DA:90,6
DA:91,6
DA:92,0
DA:96,9
DA:98,6
DA:99,0
DA:103,9
DA:104,6
DA:105,6
DA:107,6
DA:108,6
DA:109,0
DA:110,0
DA:111,0
DA:112,0
DA:113,0
DA:114,0
DA:119,9
DA:120,6
DA:121,6
DA:122,6
DA:123,0
DA:125,6
DA:128,27
DA:129,0
DA:130,0
DA:131,0
DA:132,0
DA:134,0
DA:138,9
DA:140,30
DA:141,3
DA:142,3
DA:143,3
DA:144,0
DA:146,3
DA:148,3
DA:149,3
DA:150,0
DA:152,3
DA:155,2
DA:157,1
DA:158,1
DA:159,1
DA:161,1
DA:162,1
DA:163,1
DA:167,0
DA:170,0
DA:171,0
DA:173,0
DA:174,0
DA:179,0
DA:185,9
DA:189,9
DA:232,0
DA:251,0
DA:267,6
DA:275,1
DA:276,6
LF:70
LH:46
BRDA:91,0,0,0
BRDA:91,0,1,6
BRDA:98,1,0,0
BRDA:98,1,1,6
BRDA:104,2,0,6
BRDA:104,2,1,6
BRDA:105,3,0,6
BRDA:105,3,1,6
BRDA:107,4,0,6
BRDA:107,4,1,0
BRDA:108,5,0,0
BRDA:108,5,1,6
BRDA:122,6,0,0
BRDA:122,6,1,6
BRDA:143,7,0,0
BRDA:143,7,1,3
BRDA:148,8,0,3
BRDA:148,8,1,0
BRDA:149,9,0,0
BRDA:149,9,1,3
BRDA:157,10,0,1
BRDA:157,10,1,0
BRDA:160,11,0,1
BRDA:160,11,1,0
BRDA:160,11,2,0
BRDA:160,11,3,0
BRDA:173,12,0,0
BRDA:173,12,1,0
BRDA:191,13,0,9
BRDA:191,13,1,2
BRDA:191,13,2,2
BRDA:191,13,3,8
BRDA:199,14,0,9
BRDA:199,14,1,0
BRDA:204,15,0,9
BRDA:204,15,1,2
BRDA:204,15,2,2
BRDA:204,15,3,8
BRDA:222,16,0,0
BRDA:222,16,1,9
BRDA:224,17,0,0
BRDA:224,17,1,9
BRDA:228,18,0,9
BRDA:228,18,1,9
BRDA:232,19,0,0
BRDA:232,19,1,0
BRDA:249,20,0,9
BRDA:249,20,1,0
BRF:48
BRH:28
end_of_record
TN:
SF:src/script/auth/page/Page.tsx
FN:36,(anonymous_0)
FN:38,(anonymous_1)
FN:46,(anonymous_2)
FN:66,(anonymous_3)
FNF:4
FNH:2
FNDA:0,(anonymous_0)
FNDA:0,(anonymous_1)
FNDA:79,(anonymous_2)
FNDA:42,(anonymous_3)
DA:36,1
DA:38,1
DA:40,1
DA:46,1
DA:54,79
DA:55,79
DA:60,0
DA:62,79
DA:66,42
LF:9
LH:8
BRDA:36,0,0,0
BRDA:36,0,1,0
BRDA:36,0,2,0
BRDA:38,1,0,0
BRDA:38,1,1,0
BRDA:55,2,0,0
BRDA:55,2,1,79
BRDA:56,3,0,79
BRDA:56,3,1,0
BRDA:56,3,2,0
BRDA:56,3,3,79
BRDA:56,3,4,0
BRDA:56,3,5,0
BRDA:56,3,6,79
BRDA:56,3,7,0
BRDA:60,4,0,0
BRDA:60,4,1,0
BRF:17
BRH:4
end_of_record
TN:
SF:src/script/auth/page/PhoneLogin.tsx
FN:60,(anonymous_6)
FN:71,(anonymous_7)
FN:71,(anonymous_8)
FN:71,handleSubmit
FN:100,(anonymous_10)
FN:140,(anonymous_11)
FN:162,(anonymous_12)
FN:168,(anonymous_13)
FNF:8
FNH:7
FNDA:4,(anonymous_6)
FNDA:4,(anonymous_7)
FNDA:2,(anonymous_8)
FNDA:2,handleSubmit
FNDA:1,(anonymous_10)
FNDA:0,(anonymous_11)
FNDA:4,(anonymous_12)
FNDA:4,(anonymous_13)
DA:60,1
DA:65,4
DA:66,4
DA:67,4
DA:69,4
DA:71,14
DA:72,2
DA:73,2
DA:74,0
DA:76,2
DA:77,2
DA:78,1
DA:80,1
DA:82,1
DA:87,0
DA:88,0
DA:91,0
DA:92,0
DA:99,4
DA:101,1
DA:108,4
DA:141,0
DA:162,4
DA:168,1
DA:169,4
LF:25
LH:19
BRDA:73,0,0,0
BRDA:73,0,1,2
BRDA:81,1,0,1
BRDA:81,1,1,0
BRDA:81,1,2,0
BRDA:81,1,3,0
BRDA:81,1,4,0
BRDA:131,2,0,4
BRDA:131,2,1,0
BRDA:133,3,0,0
BRDA:133,3,1,0
BRDA:137,4,0,4
BRDA:137,4,1,4
BRDA:141,5,0,0
BRDA:141,5,1,0
BRF:15
BRH:5
end_of_record
TN:
SF:src/script/auth/page/SetAccountType.tsx
FN:49,(anonymous_0)
FN:78,(anonymous_1)
FN:101,(anonymous_2)
FNF:3
FNH:2
FNDA:6,(anonymous_0)
FNDA:0,(anonymous_1)
FNDA:1,(anonymous_2)
DA:49,6
DA:50,6
DA:51,6
DA:52,6
DA:55,6
DA:59,6
DA:78,0
DA:101,1
LF:8
LH:7
BRDA:52,0,0,6
BRDA:52,0,1,0
BRDA:61,1,0,6
BRDA:61,1,1,2
BRDA:64,2,0,6
BRDA:64,2,1,0
BRDA:77,3,0,0
BRDA:77,3,1,6
BRF:8
BRH:5
end_of_record
TN:
SF:src/script/auth/page/SetEmail.tsx
FN:37,(anonymous_6)
FN:46,(anonymous_7)
FN:46,(anonymous_8)
FN:46,onSetEmail
FN:85,(anonymous_10)
FN:118,(anonymous_11)
FN:125,(anonymous_12)
FNF:7
FNH:7
FNDA:10,(anonymous_6)
FNDA:10,(anonymous_7)
FNDA:2,(anonymous_8)
FNDA:2,onSetEmail
FNDA:3,(anonymous_10)
FNDA:3,(anonymous_11)
FNDA:3,(anonymous_12)
DA:37,10
DA:38,10
DA:40,10
DA:41,10
DA:42,10
DA:43,10
DA:44,10
DA:46,32
DA:47,2
DA:50,2
DA:51,2
DA:52,2
DA:53,2
DA:54,1
DA:56,2
DA:57,2
DA:58,2
DA:59,1
DA:61,1
DA:62,1
DA:64,1
DA:68,10
DA:69,0
DA:70,0
DA:72,10
DA:86,3
DA:87,3
DA:88,3
DA:89,3
DA:118,3
DA:125,1
DA:126,3
LF:32
LH:30
BRDA:53,0,0,1
BRDA:53,0,1,1
BRDA:58,1,0,1
BRDA:58,1,1,1
BRDA:68,2,0,0
BRDA:68,2,1,10
BRDA:68,3,0,10
BRDA:68,3,1,10
BRDA:100,4,0,9
BRDA:100,4,1,1
BRDA:104,5,0,10
BRDA:104,5,1,10
BRF:12
BRH:11
end_of_record
TN:
SF:src/script/auth/page/SetHandle.tsx
FN:50,(anonymous_6)
FN:65,(anonymous_7)
FN:71,(anonymous_8)
FN:72,(anonymous_9)
FN:84,(anonymous_10)
FN:86,(anonymous_11)
FN:86,(anonymous_12)
FN:86,onSetHandle
FN:116,(anonymous_14)
FN:138,(anonymous_15)
FN:139,(anonymous_16)
FN:147,(anonymous_17)
FN:155,(anonymous_18)
FNF:13
FNH:10
FNDA:6,(anonymous_6)
FNDA:2,(anonymous_7)
FNDA:2,(anonymous_8)
FNDA:2,(anonymous_9)
FNDA:0,(anonymous_10)
FNDA:6,(anonymous_11)
FNDA:1,(anonymous_12)
FNDA:1,onSetHandle
FNDA:2,(anonymous_14)
FNDA:0,(anonymous_15)
FNDA:0,(anonymous_16)
FNDA:2,(anonymous_17)
FNDA:2,(anonymous_18)
DA:50,1
DA:59,6
DA:60,6
DA:61,6
DA:62,6
DA:63,6
DA:65,6
DA:66,2
DA:67,0
DA:71,6
DA:72,2
DA:73,2
DA:74,2
DA:75,2
DA:76,2
DA:77,0
DA:79,2
DA:84,6
DA:86,19
DA:87,1
DA:88,1
DA:89,1
DA:91,0
DA:92,0
DA:94,0
DA:98,6
DA:99,0
DA:102,6
DA:117,2
DA:118,2
DA:138,0
DA:139,0
DA:147,2
DA:155,1
DA:156,2
LF:35
LH:27
BRDA:66,0,0,0
BRDA:66,0,1,2
BRDA:91,1,0,0
BRDA:91,1,1,0
BRDA:91,2,0,0
BRDA:91,2,1,0
BRDA:98,3,0,0
BRDA:98,3,1,6
BRDA:125,4,0,6
BRDA:125,4,1,4
BRDA:134,5,0,6
BRDA:134,5,1,2
BRDA:136,6,0,6
BRDA:136,6,1,6
BRDA:136,6,2,0
BRDA:149,7,0,2
BRDA:149,7,1,2
BRF:17
BRH:10
end_of_record
TN:
SF:src/script/auth/page/SetPassword.tsx
FN:39,(anonymous_6)
FN:53,(anonymous_7)
FN:53,(anonymous_8)
FN:53,onSetPassword
FN:94,(anonymous_10)
FN:134,(anonymous_11)
FN:141,(anonymous_12)
FNF:7
FNH:7
FNDA:5,(anonymous_6)
FNDA:5,(anonymous_7)
FNDA:1,(anonymous_8)
FNDA:1,onSetPassword
FNDA:2,(anonymous_10)
FNDA:2,(anonymous_11)
FNDA:2,(anonymous_12)
DA:39,1
DA:44,5
DA:45,5
DA:47,5
DA:48,5
DA:49,5
DA:50,5
DA:51,5
DA:53,16
DA:54,1
DA:57,1
DA:58,1
DA:59,1
DA:60,1
DA:62,1
DA:63,1
DA:64,1
DA:65,1
DA:67,0
DA:68,0
DA:70,1
DA:74,5
DA:75,0
DA:76,0
DA:79,5
DA:95,2
DA:96,2
DA:97,2
DA:98,2
DA:134,2
DA:141,1
DA:142,2
LF:32
LH:28
BRDA:59,0,0,1
BRDA:59,0,1,0
BRDA:64,1,0,1
BRDA:64,1,1,0
BRDA:74,2,0,0
BRDA:74,2,1,5
BRDA:74,3,0,5
BRDA:74,3,1,5
BRDA:109,4,0,1
BRDA:109,4,1,4
BRDA:116,5,0,4
BRDA:116,5,1,1
BRDA:120,6,0,5
BRDA:120,6,1,5
BRF:14
BRH:11
end_of_record
TN:
SF:src/script/auth/page/SingleSignOnForm.tsx
FN:62,(anonymous_8)
FN:93,(anonymous_9)
FN:100,(anonymous_10)
FN:109,(anonymous_11)
FN:116,(anonymous_12)
FN:125,(anonymous_13)
FN:132,(anonymous_14)
FN:139,(anonymous_15)
FN:145,(anonymous_16)
FN:145,(anonymous_17)
FN:225,(anonymous_18)
FN:145,handleSubmit
FN:236,(anonymous_20)
FN:252,(anonymous_21)
FN:308,(anonymous_22)
FN:323,(anonymous_23)
FN:330,(anonymous_24)
FNF:17
FNH:16
FNDA:23,(anonymous_8)
FNDA:6,(anonymous_9)
FNDA:6,(anonymous_10)
FNDA:6,(anonymous_11)
FNDA:6,(anonymous_12)
FNDA:0,(anonymous_13)
FNDA:6,(anonymous_14)
FNDA:18,(anonymous_15)
FNDA:23,(anonymous_16)
FNDA:5,(anonymous_17)
FNDA:2,(anonymous_18)
FNDA:5,handleSubmit
FNDA:1,(anonymous_20)
FNDA:5,(anonymous_21)
FNDA:1,(anonymous_22)
FNDA:6,(anonymous_23)
FNDA:6,(anonymous_24)
DA:60,1
DA:61,1
DA:62,1
DA:74,23
DA:75,23
DA:76,23
DA:77,23
DA:78,23
DA:79,23
DA:80,23
DA:81,23
DA:82,23
DA:83,23
DA:84,23
DA:85,23
DA:87,23
DA:88,23
DA:89,23
DA:91,23
DA:93,23
DA:94,6
DA:95,6
DA:96,0
DA:100,23
DA:101,6
DA:102,6
DA:103,0
DA:105,6
DA:109,23
DA:110,6
DA:111,6
DA:112,0
DA:116,23
DA:117,6
DA:118,6
DA:120,6
DA:121,6
DA:122,0
DA:123,0
DA:124,0
DA:125,0
DA:126,0
DA:127,0
DA:132,23
DA:133,6
DA:134,1
DA:135,1
DA:139,23
DA:140,18
DA:141,0
DA:145,74
DA:146,5
DA:147,5
DA:149,5
DA:150,5
DA:151,0
DA:154,5
DA:155,5
DA:157,5
DA:158,5
DA:162,5
DA:163,5
DA:165,5
DA:167,5
DA:168,5
DA:169,2
DA:171,3
DA:172,3
DA:173,2
DA:174,2
DA:175,2
DA:176,2
DA:188,2
DA:194,1
DA:195,1
DA:196,1
DA:197,1
DA:198,1
DA:199,1
DA:200,1
DA:201,0
DA:204,1
DA:207,2
DA:208,2
DA:210,0
DA:211,0
DA:212,0
DA:215,0
DA:216,0
DA:220,0
DA:223,2
DA:224,2
DA:225,2
DA:227,2
DA:228,0
DA:230,2
DA:236,23
DA:237,1
DA:239,23
DA:253,5
DA:254,5
DA:309,1
DA:323,6
DA:330,1
DA:331,6
LF:105
LH:86
BRDA:95,0,0,0
BRDA:95,0,1,6
BRDA:95,1,0,6
BRDA:95,1,1,0
BRDA:102,2,0,0
BRDA:102,2,1,6
BRDA:110,3,0,6
BRDA:110,3,1,6
BRDA:111,4,0,0
BRDA:111,4,1,6
BRDA:117,5,0,6
BRDA:117,5,1,6
BRDA:118,6,0,6
BRDA:118,6,1,6
BRDA:120,7,0,6
BRDA:120,7,1,0
BRDA:121,8,0,0
BRDA:121,8,1,6
BRDA:133,9,0,1
BRDA:133,9,1,5
BRDA:133,10,0,6
BRDA:133,10,1,1
BRDA:140,11,0,0
BRDA:140,11,1,18
BRDA:140,12,0,18
BRDA:140,12,1,0
BRDA:140,12,2,0
BRDA:140,12,3,0
BRDA:146,13,0,5
BRDA:146,13,1,0
BRDA:150,14,0,0
BRDA:150,14,1,5
BRDA:159,15,0,3
BRDA:159,15,1,2
BRDA:168,16,0,2
BRDA:168,16,1,3
BRDA:172,17,0,2
BRDA:172,17,1,1
BRDA:175,18,0,0
BRDA:199,19,0,1
BRDA:199,19,1,0
BRDA:200,20,0,0
BRDA:200,20,1,1
BRDA:209,21,0,0
BRDA:209,21,1,0
BRDA:209,21,2,0
BRDA:209,21,3,0
BRDA:209,21,4,2
BRDA:225,22,0,2
BRDA:225,22,1,2
BRDA:227,23,0,0
BRDA:227,23,1,2
BRDA:237,24,0,1
BRDA:237,24,1,1
BRDA:240,25,0,1
BRDA:240,25,1,22
BRDA:243,26,0,22
BRDA:243,26,1,0
BRDA:248,27,0,13
BRDA:248,27,1,9
BRDA:260,28,0,13
BRDA:260,28,1,9
BRDA:268,29,0,13
BRDA:268,29,1,9
BRDA:288,30,0,2
BRDA:288,30,1,20
BRDA:290,31,0,0
BRDA:290,31,1,20
BRDA:292,32,0,0
BRDA:292,32,1,20
BRDA:294,33,0,0
BRDA:294,33,1,20
BRDA:305,34,0,22
BRDA:305,34,1,22
BRDA:309,35,0,1
BRDA:309,35,1,0
BRF:76
BRH:51
end_of_record
TN:
SF:src/script/auth/page/TeamName.tsx
FN:56,(anonymous_6)
FN:72,(anonymous_7)
FN:76,(anonymous_8)
FN:81,(anonymous_9)
FN:81,(anonymous_10)
FN:81,handleSubmit
FN:137,(anonymous_12)
FN:181,(anonymous_13)
FN:187,(anonymous_14)
FNF:9
FNH:9
FNDA:14,(anonymous_6)
FNDA:6,(anonymous_7)
FNDA:5,(anonymous_8)
FNDA:14,(anonymous_9)
FNDA:3,(anonymous_10)
FNDA:3,handleSubmit
FNDA:5,(anonymous_12)
FNDA:6,(anonymous_13)
FNDA:6,(anonymous_14)
DA:56,1
DA:62,14
DA:63,14
DA:65,14
DA:66,14
DA:67,14
DA:68,14
DA:69,14
DA:70,14
DA:72,14
DA:73,6
DA:76,14
DA:77,5
DA:78,5
DA:79,5
DA:81,45
DA:82,3
DA:83,3
DA:84,3
DA:85,3
DA:86,3
DA:88,0
DA:89,0
DA:98,0
DA:100,0
DA:103,3
DA:107,14
DA:112,14
DA:138,5
DA:139,5
DA:181,6
DA:187,1
DA:188,6
LF:33
LH:29
BRDA:67,0,0,14
BRDA:67,0,1,14
BRDA:84,1,0,3
BRDA:84,1,1,0
BRDA:150,2,0,14
BRDA:150,2,1,8
BRDA:159,3,0,3
BRDA:159,3,1,11
BRF:8
BRH:7
end_of_record
TN:
SF:src/script/auth/util/AccentColor.ts
FN:73,(anonymous_0)
FN:73,(anonymous_1)
FN:75,(anonymous_2)
FNF:3
FNH:1
FNDA:0,(anonymous_0)
FNDA:0,(anonymous_1)
FNDA:12,(anonymous_2)
DA:28,1
DA:34,1
DA:40,1
DA:46,1
DA:52,1
DA:58,1
DA:64,1
DA:73,1
DA:75,12
LF:9
LH:9
BRF:0
BRH:0
end_of_record
TN:
SF:src/script/auth/util/SVGProvider.ts
FN:24,(anonymous_0)
FNF:1
FNH:1
FNDA:72,(anonymous_0)
DA:20,1
DA:22,1
DA:23,1
DA:24,1
DA:25,72
DA:26,72
DA:27,72
DA:28,72
LF:8
LH:8
BRF:0
BRH:0
end_of_record
TN:
SF:src/script/auth/util/errorUtil.tsx
FN:26,parseError
FN:44,parseValidationErrors
FN:46,(anonymous_4)
FN:57,(anonymous_5)
FNF:4
FNH:3
FNDA:13,parseError
FNDA:5,parseValidationErrors
FNDA:5,(anonymous_4)
FNDA:0,(anonymous_5)
DA:27,13
DA:28,2
DA:29,0
DA:35,2
DA:41,11
DA:45,5
DA:46,5
DA:47,5
DA:57,1
DA:58,0
LF:10
LH:8
BRDA:27,0,0,2
BRDA:27,0,1,11
BRDA:28,1,0,0
BRDA:28,1,1,2
BRDA:45,2,0,5
BRDA:45,2,1,0
BRDA:49,3,0,5
BRDA:49,3,1,0
BRF:8
BRH:5
end_of_record
TN:
SF:src/script/auth/util/handleUtil.ts
FN:31,getRandomWordCombination
FN:35,generateHandleVariations
FN:39,(anonymous_2)
FN:45,appendRandomDigits
FN:47,(anonymous_4)
FN:51,normalizeName
FN:58,createSuggestions
FNF:7
FNH:7
FNDA:2,getRandomWordCombination
FNDA:2,generateHandleVariations
FNDA:10,(anonymous_2)
FNDA:10,appendRandomDigits
FNDA:30,(anonymous_4)
FNDA:2,normalizeName
FNDA:2,createSuggestions
DA:24,1
DA:25,1
DA:27,1
DA:29,1
DA:32,2
DA:38,2
DA:39,2
DA:40,10
DA:41,10
DA:46,10
DA:47,30
DA:48,10
DA:52,2
DA:59,2
DA:60,2
DA:61,2
DA:63,2
DA:64,0
DA:65,0
DA:66,0
DA:69,2
DA:70,2
DA:71,2
LF:23
LH:20
BRDA:38,0,0,0
BRDA:38,0,1,2
BRDA:38,1,0,2
BRDA:38,1,1,0
BRDA:63,2,0,0
BRDA:63,2,1,2
BRF:6
BRH:3
end_of_record
TN:
SF:src/script/auth/util/randomUtil.ts
FN:20,randomArrayElement
FN:25,randomInt
FNF:2
FNH:2
FNDA:16,randomArrayElement
FNDA:46,randomInt
DA:21,16
DA:26,46
LF:2
LH:2
BRF:0
BRH:0
end_of_record
TN:
SF:src/script/auth/util/stringUtil.ts
FN:22,capitalize
FN:26,isUUID
FNF:2
FNH:0
FNDA:0,capitalize
FNDA:0,isUUID
DA:20,1
DA:23,0
DA:27,0
LF:3
LH:1
BRF:0
BRH:0
end_of_record
TN:
SF:src/script/auth/util/urlUtil.ts
FN:22,getSearchParams
FN:29,(anonymous_1)
FN:30,(anonymous_2)
FN:34,(anonymous_3)
FN:41,pathWithParams
FN:50,hasURLParameter
FN:53,(anonymous_6)
FN:57,openTab
FNF:8
FNH:4
FNDA:4,getSearchParams
FNDA:4,(anonymous_1)
FNDA:0,(anonymous_2)
FNDA:2,(anonymous_3)
FNDA:2,pathWithParams
FNDA:0,hasURLParameter
FNDA:0,(anonymous_6)
FNDA:0,openTab
DA:25,4
DA:26,4
DA:29,4
DA:31,0
DA:32,0
DA:34,4
DA:35,2
DA:38,4
DA:45,2
DA:46,2
DA:47,2
DA:51,0
DA:53,0
DA:58,0
DA:59,0
DA:60,0
DA:62,0
LF:17
LH:9
BRDA:25,0,0,2
BRDA:25,0,1,2
BRDA:25,1,0,8
BRDA:25,1,1,6
BRDA:25,2,0,2
BRDA:25,2,1,2
BRDA:45,3,0,0
BRDA:45,3,1,2
BRDA:45,4,0,2
BRDA:45,4,1,0
BRDA:47,5,0,0
BRDA:47,5,1,2
BRDA:59,6,0,0
BRDA:59,6,1,0
BRF:14
BRH:9
end_of_record
TN:
SF:src/script/auth/util/test/TestUtil.tsx
FN:33,(anonymous_0)
FN:38,(anonymous_1)
FN:40,(anonymous_2)
FN:42,(anonymous_3)
FN:46,mountComponent
FNF:5
FNH:5
FNDA:52,(anonymous_0)
FNDA:52,(anonymous_1)
FNDA:52,(anonymous_2)
FNDA:52,(anonymous_3)
FNDA:52,mountComponent
DA:33,1
DA:36,52
DA:38,52
DA:40,52
DA:42,1
DA:43,52
DA:46,53
LF:7
LH:7
BRDA:46,0,0,14
BRDA:46,0,1,38
BRDA:46,1,0,52
BRDA:46,1,1,48
BRF:4
BRH:4
end_of_record
TN:
SF:src/script/auth/util/test/mockStoreFactory.ts
FN:45,(anonymous_0)
FN:58,mockStoreFactory
FNF:2
FNH:2
FNDA:4,(anonymous_0)
FNDA:83,mockStoreFactory
DA:20,1
DA:40,1
DA:41,1
DA:42,1
DA:43,1
DA:44,1
DA:45,4
DA:58,1
DA:67,83
DA:68,83
DA:69,83
DA:70,65
DA:72,83
DA:83,87
LF:14
LH:14
BRDA:67,0,0,31
BRDA:67,0,1,52
BRDA:67,1,0,83
BRDA:67,1,1,31
BRDA:69,2,0,65
BRDA:69,2,1,18
BRDA:78,3,0,83
BRDA:78,3,1,31
BRF:8
BRH:8
end_of_record
TN:
SF:src/script/backup/BackupRepository.ts
FN:67,(anonymous_7)
FN:78,(anonymous_8)
FN:96,(anonymous_9)
FN:100,(anonymous_10)
FN:104,(anonymous_11)
FN:108,(anonymous_12)
FN:126,(anonymous_13)
FN:126,(anonymous_14)
FN:139,(anonymous_15)
FN:139,(anonymous_16)
FN:150,(anonymous_17)
FN:154,(anonymous_18)
FN:155,(anonymous_19)
FN:159,(anonymous_20)
FN:165,(anonymous_21)
FN:169,(anonymous_22)
FN:170,(anonymous_23)
FN:186,(anonymous_24)
FN:189,(anonymous_25)
FN:193,(anonymous_26)
FN:204,(anonymous_27)
FN:204,(anonymous_28)
FN:227,(anonymous_29)
FN:231,(anonymous_30)
FN:235,(anonymous_31)
FN:243,(anonymous_32)
FN:254,(anonymous_33)
FN:258,(anonymous_34)
FN:259,(anonymous_35)
FN:263,(anonymous_36)
FN:283,(anonymous_37)
FN:286,(anonymous_38)
FN:292,(anonymous_39)
FN:292,(anonymous_40)
FN:292,importConversationChunk
FN:305,(anonymous_42)
FN:309,(anonymous_43)
FN:312,(anonymous_44)
FN:312,(anonymous_45)
FN:312,importEventChunk
FN:322,(anonymous_47)
FN:322,(anonymous_48)
FN:331,(anonymous_49)
FN:333,(anonymous_50)
FN:343,(anonymous_51)
FN:343,(anonymous_52)
FN:351,(anonymous_53)
FN:368,(anonymous_54)
FNF:48
FNH:47
FNDA:39,(anonymous_7)
FNDA:6,(anonymous_8)
FNDA:1,(anonymous_9)
FNDA:8,(anonymous_10)
FNDA:9,(anonymous_11)
FNDA:13,(anonymous_12)
FNDA:3,(anonymous_13)
FNDA:3,(anonymous_14)
FNDA:3,(anonymous_15)
FNDA:3,(anonymous_16)
FNDA:3,(anonymous_17)
FNDA:3,(anonymous_18)
FNDA:2,(anonymous_19)
FNDA:2,(anonymous_20)
FNDA:2,(anonymous_21)
FNDA:4,(anonymous_22)
FNDA:2,(anonymous_23)
FNDA:5,(anonymous_24)
FNDA:5,(anonymous_25)
FNDA:5,(anonymous_26)
FNDA:2,(anonymous_27)
FNDA:2,(anonymous_28)
FNDA:0,(anonymous_29)
FNDA:5,(anonymous_30)
FNDA:5,(anonymous_31)
FNDA:6,(anonymous_32)
FNDA:2,(anonymous_33)
FNDA:2,(anonymous_34)
FNDA:4,(anonymous_35)
FNDA:6,(anonymous_36)
FNDA:2,(anonymous_37)
FNDA:2,(anonymous_38)
FNDA:2,(anonymous_39)
FNDA:2,(anonymous_40)
FNDA:2,importConversationChunk
FNDA:2,(anonymous_42)
FNDA:4,(anonymous_43)
FNDA:2,(anonymous_44)
FNDA:2,(anonymous_45)
FNDA:2,importEventChunk
FNDA:4,(anonymous_47)
FNDA:4,(anonymous_48)
FNDA:4,(anonymous_49)
FNDA:8,(anonymous_50)
FNDA:5,(anonymous_51)
FNDA:5,(anonymous_52)
FNDA:5,(anonymous_53)
FNDA:48,(anonymous_54)
DA:68,39
DA:84,42
DA:85,6
DA:87,6
DA:88,6
DA:89,6
DA:90,6
DA:91,6
DA:93,6
DA:97,1
DA:101,8
DA:105,9
DA:109,13
DA:126,6
DA:127,3
DA:129,3
DA:130,3
DA:131,2
DA:133,1
DA:134,1
DA:135,1
DA:139,6
DA:140,3
DA:141,3
DA:143,3
DA:144,2
DA:145,2
DA:146,2
DA:147,2
DA:154,3
DA:155,3
DA:156,2
DA:157,2
DA:159,2
DA:162,3
DA:169,4
DA:170,2
DA:171,2
DA:172,2
DA:174,2
DA:175,5
DA:176,5
DA:177,5
DA:178,1
DA:183,2
DA:189,10
DA:190,5
DA:191,5
DA:193,5
DA:194,5
DA:195,1
DA:197,4
DA:198,4
DA:199,4
DA:201,4
DA:204,4
DA:205,2
DA:207,2
DA:209,2
DA:210,2
DA:212,2
DA:213,4
DA:214,4
DA:215,4
DA:216,4
DA:219,2
DA:221,2
DA:223,2
DA:224,2
DA:228,0
DA:235,10
DA:236,5
DA:237,5
DA:238,0
DA:241,5
DA:242,5
DA:243,12
DA:247,2
DA:249,3
DA:250,3
DA:258,4
DA:259,2
DA:260,4
DA:263,2
DA:264,6
DA:267,2
DA:268,2
DA:270,2
DA:271,2
DA:272,2
DA:273,2
DA:275,2
DA:276,2
DA:277,2
DA:278,2
DA:280,2
DA:286,4
DA:287,2
DA:288,2
DA:290,2
DA:292,8
DA:293,2
DA:296,2
DA:297,2
DA:298,2
DA:301,2
DA:302,2
DA:305,2
DA:306,2
DA:307,2
DA:309,4
DA:310,2
DA:312,8
DA:313,2
DA:314,2
DA:315,2
DA:316,2
DA:319,2
DA:322,8
DA:323,4
DA:324,4
DA:325,4
DA:326,0
DA:332,4
DA:333,4
DA:334,8
DA:335,8
DA:336,0
DA:340,4
DA:343,10
DA:344,5
DA:345,5
DA:346,5
DA:347,5
DA:348,2
DA:352,5
DA:353,5
DA:354,5
DA:355,1
DA:356,1
DA:357,1
DA:358,1
DA:361,4
DA:362,4
DA:363,1
DA:364,1
DA:367,3
DA:368,3
DA:369,48
DA:370,4
DA:372,44
DA:375,3
DA:376,1
DA:377,1
LF:154
LH:150
BRDA:135,0,0,1
BRDA:135,0,1,0
BRDA:177,1,0,1
BRDA:177,1,1,4
BRDA:194,2,0,1
BRDA:194,2,1,4
BRDA:237,3,0,0
BRDA:237,3,1,5
BRDA:325,4,0,0
BRDA:325,4,1,4
BRDA:332,5,0,4
BRDA:332,5,1,0
BRDA:335,6,0,0
BRDA:335,6,1,8
BRDA:354,7,0,1
BRDA:354,7,1,4
BRDA:362,8,0,1
BRDA:362,8,1,3
BRDA:369,9,0,4
BRDA:369,9,1,44
BRDA:370,10,0,4
BRDA:370,10,1,2
BRDA:375,11,0,1
BRDA:375,11,1,2
BRF:24
BRH:19
end_of_record
TN:
SF:src/script/backup/BackupService.ts
FN:31,(anonymous_7)
FN:38,(anonymous_8)
FN:43,(anonymous_9)
FN:43,(anonymous_10)
FN:47,(anonymous_11)
FN:51,(anonymous_12)
FN:58,(anonymous_13)
FN:58,(anonymous_14)
FN:59,(anonymous_15)
FN:60,(anonymous_16)
FN:63,(anonymous_17)
FN:67,(anonymous_18)
FN:67,(anonymous_19)
FN:70,(anonymous_20)
FNF:14
FNH:9
FNDA:12,(anonymous_7)
FNDA:6,(anonymous_8)
FNDA:5,(anonymous_9)
FNDA:5,(anonymous_10)
FNDA:5,(anonymous_11)
FNDA:14,(anonymous_12)
FNDA:0,(anonymous_13)
FNDA:0,(anonymous_14)
FNDA:0,(anonymous_15)
FNDA:0,(anonymous_16)
FNDA:3,(anonymous_17)
FNDA:2,(anonymous_18)
FNDA:2,(anonymous_19)
FNDA:0,(anonymous_20)
DA:32,12
DA:38,12
DA:39,6
DA:40,6
DA:43,10
DA:44,5
DA:45,5
DA:46,5
DA:47,5
DA:48,4
DA:52,14
DA:53,14
DA:55,0
DA:58,0
DA:59,0
DA:60,0
DA:64,3
DA:67,4
DA:69,2
DA:70,2
DA:71,2
DA:72,2
DA:74,0
DA:75,0
LF:24
LH:18
BRDA:52,0,0,14
BRDA:52,0,1,0
BRDA:70,1,0,2
BRDA:70,1,1,0
BRDA:71,2,0,2
BRDA:71,2,1,0
BRF:6
BRH:3
end_of_record
TN:
SF:src/script/backup/Error.ts
FN:21,(anonymous_0)
FN:28,(anonymous_1)
FN:35,(anonymous_2)
FN:42,(anonymous_3)
FN:49,(anonymous_4)
FN:56,(anonymous_5)
FN:63,(anonymous_6)
FNF:7
FNH:5
FNDA:0,(anonymous_0)
FNDA:1,(anonymous_1)
FNDA:3,(anonymous_2)
FNDA:0,(anonymous_3)
FNDA:1,(anonymous_4)
FNDA:1,(anonymous_5)
FNDA:1,(anonymous_6)
DA:21,0
DA:22,0
DA:23,0
DA:28,1
[...]
BRDA:77,8,1,1638
BRDA:82,9,0,729
BRDA:82,9,1,697
BRDA:87,10,0,729
BRDA:87,10,1,0
BRDA:92,11,0,1
BRDA:92,11,1,0
BRDA:106,12,0,727
BRDA:106,12,1,1
BRDA:114,13,0,727
BRDA:114,13,1,1
BRDA:134,14,0,184
BRDA:134,14,1,0
BRDA:134,15,0,184
BRDA:134,15,1,184
BRDA:137,16,0,184
BRDA:137,16,1,0
BRDA:190,17,0,729
BRDA:190,17,1,729
BRF:36
BRH:30
end_of_record
TN:
SF:src/script/util/SanitizationUtil.ts
FN:28,(anonymous_0)
FN:30,getSelfName
FN:40,getUserName
FN:54,safeWindowOpen
FN:67,(anonymous_4)
FN:76,(anonymous_5)
FNF:6
FNH:4
FNDA:30,(anonymous_0)
FNDA:8,getSelfName
FNDA:5,getUserName
FNDA:1,safeWindowOpen
FNDA:0,(anonymous_4)
FNDA:0,(anonymous_5)
DA:28,30
DA:30,8
DA:31,8
DA:36,8
DA:37,8
DA:40,5
DA:41,5
DA:42,2
DA:44,3
DA:54,1
DA:55,1
DA:57,1
DA:58,1
DA:59,1
DA:60,1
DA:64,1
DA:67,1
DA:68,0
DA:70,0
DA:71,0
DA:74,0
DA:75,0
DA:76,0
LF:23
LH:17
BRDA:30,0,0,7
BRDA:30,0,1,1
BRDA:30,1,0,16
BRDA:30,1,1,12
BRDA:30,2,0,4
BRDA:30,2,1,4
BRDA:37,3,0,2
BRDA:37,3,1,6
BRDA:40,4,0,1
BRDA:40,4,1,4
BRDA:40,5,0,5
BRDA:40,5,1,1
BRDA:41,6,0,2
BRDA:41,6,1,3
BRDA:44,7,0,1
BRDA:44,7,1,2
BRDA:54,8,0,0
BRDA:54,8,1,1
BRDA:54,9,0,1
BRDA:54,9,1,0
BRDA:57,10,0,1
BRDA:57,10,1,0
BRDA:59,11,0,1
BRDA:59,11,1,0
BRDA:70,12,0,0
BRDA:70,12,1,0
BRDA:75,13,0,0
BRDA:75,13,1,0
BRF:28
BRH:20
end_of_record
TN:
SF:src/script/util/StorageUtil.ts
FN:24,loadValue
FN:28,resetStoreValue
FN:32,storeValue
FNF:3
FNH:3
FNDA:1278,loadValue
FNDA:4,resetStoreValue
FNDA:15,storeValue
DA:25,1278
DA:29,4
DA:33,15
DA:34,15
LF:4
LH:4
BRDA:33,0,0,0
BRDA:33,0,1,15
BRF:2
BRH:1
end_of_record
TN:
SF:src/script/util/StringUtil.ts
FN:25,startsWith
FN:26,includesString
FN:27,(anonymous_2)
FN:33,(anonymous_3)
FN:36,(anonymous_4)
FN:39,capitalizeFirstChar
FN:41,computeTransliteration
FN:46,(anonymous_7)
FN:51,(anonymous_8)
FN:54,(anonymous_9)
FN:66,compareTransliteration
FN:77,(anonymous_11)
FN:79,truncate
FN:98,formatString
FN:99,(anonymous_14)
FN:106,removeLineBreaks
FN:108,(anonymous_16)
FN:114,sortByPriority
FN:130,(anonymous_18)
FN:136,utf8ToUtf16BE
FN:144,(anonymous_20)
FN:145,(anonymous_21)
FNF:22
FNH:22
FNDA:9,startsWith
FNDA:50,includesString
FNDA:8,(anonymous_2)
FNDA:11,(anonymous_3)
FNDA:324,(anonymous_4)
FNDA:198,capitalizeFirstChar
FNDA:325,computeTransliteration
FNDA:1000,(anonymous_7)
FNDA:4,(anonymous_8)
FNDA:315,(anonymous_9)
FNDA:33,compareTransliteration
FNDA:299,(anonymous_11)
FNDA:144,truncate
FNDA:31,formatString
FNDA:162,(anonymous_14)
FNDA:1,removeLineBreaks
FNDA:8,(anonymous_16)
FNDA:29,sortByPriority
FNDA:18,(anonymous_18)
FNDA:10,utf8ToUtf16BE
FNDA:177,(anonymous_20)
FNDA:177,(anonymous_21)
DA:25,19
DA:26,51
DA:27,8
DA:33,1
DA:34,11
DA:35,11
DA:36,324
DA:39,199
DA:41,325
DA:42,325
DA:43,325
DA:46,1
DA:47,1000
DA:48,1000
DA:51,1
DA:53,4
DA:54,315
DA:66,1
DA:71,33
DA:72,33
DA:73,33
DA:74,33
DA:77,299
DA:79,144
DA:80,144
DA:81,47
DA:82,47
DA:83,1
DA:85,47
DA:87,144
DA:98,162
DA:99,31
DA:100,162
DA:101,162
DA:103,31
DA:106,2
DA:108,1
DA:109,8
DA:110,8
DA:111,8
DA:114,29
DA:115,29
DA:116,29
DA:117,29
DA:119,29
DA:120,8
DA:121,2
DA:122,6
DA:123,2
DA:127,25
DA:130,18
DA:136,10
DA:137,10
DA:139,10
DA:141,10
DA:142,10
DA:144,177
DA:146,177
DA:147,177
DA:150,10
LF:60
LH:60
BRDA:25,0,0,9
BRDA:25,0,1,0
BRDA:25,1,0,18
BRDA:25,1,1,9
BRDA:26,2,0,50
BRDA:26,2,1,0
BRDA:26,3,0,100
BRDA:26,3,1,100
BRDA:26,4,0,50
BRDA:26,4,1,0
BRDA:39,5,0,198
BRDA:39,5,1,0
BRDA:39,6,0,198
BRDA:39,6,1,198
BRDA:41,7,0,325
BRDA:41,7,1,0
BRDA:41,8,0,325
BRDA:41,8,1,325
BRDA:54,9,0,44
BRDA:54,9,1,271
BRDA:71,10,0,0
BRDA:71,10,1,33
BRDA:71,11,0,66
BRDA:71,11,1,0
BRDA:71,12,0,0
BRDA:71,12,1,33
BRDA:74,13,0,0
BRDA:74,13,1,33
BRDA:79,14,0,119
BRDA:79,14,1,25
BRDA:79,15,0,144
BRDA:79,15,1,119
BRDA:80,16,0,47
BRDA:80,16,1,97
BRDA:82,17,0,1
BRDA:82,17,1,46
BRDA:82,18,0,47
BRDA:82,18,1,2
BRDA:106,19,0,1
BRDA:106,19,1,0
BRDA:106,20,0,1
BRDA:106,20,1,1
BRDA:114,21,0,29
BRDA:114,21,1,0
BRDA:114,22,0,87
BRDA:114,22,1,66
BRDA:114,23,0,29
BRDA:114,23,1,0
BRDA:114,24,0,8
BRDA:114,24,1,21
BRDA:119,25,0,8
BRDA:119,25,1,21
BRDA:120,26,0,2
BRDA:120,26,1,6
BRDA:120,27,0,8
BRDA:120,27,1,2
BRDA:122,28,0,2
BRDA:122,28,1,4
BRDA:122,29,0,6
BRDA:122,29,1,2
BRDA:136,30,0,10
BRDA:136,30,1,0
BRDA:136,31,0,10
BRDA:136,31,1,10
BRF:64
BRH:51
end_of_record
TN:
SF:src/script/util/TimeUtil.ts
FN:89,(anonymous_1)
FN:91,(anonymous_2)
FN:98,(anonymous_3)
FN:104,(anonymous_4)
FN:105,(anonymous_5)
FN:114,(anonymous_6)
FN:115,(anonymous_7)
FN:120,(anonymous_8)
FN:166,(anonymous_9)
FN:167,(anonymous_10)
FN:189,(anonymous_11)
FN:191,(anonymous_12)
FN:215,(anonymous_13)
FN:217,(anonymous_14)
FN:218,(anonymous_15)
FN:247,(anonymous_16)
FN:274,formatTimestamp
FN:285,(anonymous_18)
FN:286,(anonymous_19)
FN:287,(anonymous_20)
FN:288,(anonymous_21)
FN:289,(anonymous_22)
FN:290,(anonymous_23)
FN:292,(anonymous_24)
FNF:24
FNH:16
FNDA:5,(anonymous_1)
FNDA:12,(anonymous_2)
FNDA:4,(anonymous_3)
FNDA:2,(anonymous_4)
FNDA:2,(anonymous_5)
FNDA:6,(anonymous_6)
FNDA:2,(anonymous_7)
FNDA:45,(anonymous_8)
FNDA:44,(anonymous_9)
FNDA:264,(anonymous_10)
FNDA:40,(anonymous_11)
FNDA:163,(anonymous_12)
FNDA:4,(anonymous_13)
FNDA:16,(anonymous_14)
FNDA:20,(anonymous_15)
FNDA:18,(anonymous_16)
FNDA:0,formatTimestamp
FNDA:0,(anonymous_18)
FNDA:0,(anonymous_19)
FNDA:0,(anonymous_20)
FNDA:0,(anonymous_21)
FNDA:0,(anonymous_22)
FNDA:0,(anonymous_23)
FNDA:0,(anonymous_24)
DA:85,1
DA:86,1
DA:87,1
DA:89,5
DA:91,1
DA:92,12
DA:98,4
DA:104,2
DA:105,1
DA:106,2
DA:114,6
DA:115,1
DA:116,2
DA:120,45
DA:166,1
DA:167,44
DA:168,264
DA:169,264
DA:170,220
DA:172,264
DA:173,264
DA:174,264
DA:175,264
DA:181,44
DA:189,1
DA:190,40
DA:191,163
DA:193,40
DA:194,1
DA:196,1
DA:203,39
DA:215,1
DA:216,4
DA:217,16
DA:218,20
DA:219,4
DA:220,4
DA:221,4
DA:222,14
DA:223,14
DA:224,2
DA:225,2
DA:227,12
DA:228,4
DA:230,12
DA:231,1
DA:233,11
DA:234,11
DA:235,1
DA:238,4
DA:239,4
DA:247,1
DA:248,18
DA:250,18
DA:252,18
DA:253,18
DA:255,18
DA:256,18
DA:258,18
DA:260,18
DA:261,1
DA:264,18
DA:274,1
DA:275,0
DA:276,0
DA:278,0
DA:279,0
DA:282,0
DA:285,1
DA:286,1
DA:287,1
DA:288,1
DA:289,1
DA:290,1
DA:292,1
LF:75
LH:70
BRDA:77,0,0,1
BRDA:89,1,0,5
BRDA:89,1,1,3
BRDA:108,2,0,1
BRDA:108,2,1,1
BRDA:118,3,0,1
BRDA:118,3,1,1
BRDA:169,4,0,220
BRDA:169,4,1,44
BRDA:173,5,0,59
BRDA:173,5,1,205
BRDA:173,6,0,264
BRDA:173,6,1,240
BRDA:174,7,0,28
BRDA:174,7,1,236
BRDA:193,8,0,1
BRDA:193,8,1,39
BRDA:223,9,0,2
BRDA:223,9,1,12
BRDA:223,10,0,14
BRDA:223,10,1,2
BRDA:227,11,0,4
BRDA:227,11,1,8
BRDA:230,12,0,1
BRDA:230,12,1,11
BRDA:234,13,0,1
BRDA:234,13,1,10
BRDA:234,14,0,11
BRDA:234,14,1,3
BRDA:234,15,0,0
BRDA:234,15,1,3
BRDA:234,16,0,3
BRDA:234,16,1,3
BRDA:248,17,0,18
BRDA:248,17,1,4
BRDA:260,18,0,1
BRDA:260,18,1,17
BRDA:274,19,0,0
BRDA:274,19,1,0
BRDA:274,20,0,0
BRDA:274,20,1,0
BRDA:278,21,0,0
BRDA:278,21,1,0
BRDA:279,22,0,0
BRDA:279,22,1,0
BRF:45
BRH:36
end_of_record
TN:
SF:src/script/util/UrlUtil.ts
FN:22,(anonymous_0)
FN:27,getParameter
FN:54,forwardParameter
FN:65,getDomainName
FN:76,(anonymous_4)
FN:85,(anonymous_5)
FN:93,(anonymous_6)
FNF:7
FNH:7
FNDA:5,(anonymous_0)
FNDA:6,getParameter
FNDA:4,forwardParameter
FNDA:19,getDomainName
FNDA:41,(anonymous_4)
FNDA:39,(anonymous_5)
FNDA:4,(anonymous_6)
DA:22,1
DA:23,5
DA:24,5
DA:27,6
DA:28,6
DA:29,6
DA:30,6
DA:31,6
DA:32,6
DA:33,3
DA:34,3
DA:36,3
DA:37,1
DA:40,2
DA:41,1
DA:44,1
DA:47,0
DA:51,3
DA:54,4
DA:55,4
DA:56,4
DA:57,4
DA:65,19
DA:67,19
DA:68,19
DA:69,19
DA:70,17
DA:72,2
DA:76,1
DA:77,41
DA:78,2
DA:81,39
DA:82,39
DA:84,39
DA:85,39
DA:93,4
LF:36
LH:35
BRDA:23,0,0,1
BRDA:23,0,1,4
BRDA:27,1,0,4
BRDA:27,1,1,2
BRDA:27,2,0,6
BRDA:27,2,1,4
BRDA:32,3,0,3
BRDA:32,3,1,3
BRDA:33,4,0,3
BRDA:33,4,1,0
BRDA:36,5,0,1
BRDA:36,5,1,2
BRDA:40,6,0,1
BRDA:40,6,1,1
BRDA:54,7,0,4
BRDA:54,7,1,0
BRDA:54,8,0,4
BRDA:54,8,1,4
BRDA:57,9,0,3
BRDA:57,9,1,1
BRDA:65,10,0,18
BRDA:65,10,1,1
BRDA:65,11,0,19
BRDA:65,11,1,18
BRDA:77,12,0,2
BRDA:77,12,1,39
BRDA:84,13,0,1
BRDA:84,13,1,38
BRDA:84,14,0,39
BRDA:84,14,1,38
BRDA:85,15,0,38
BRDA:85,15,1,1
BRDA:93,16,0,1
BRDA:93,16,1,3
BRF:34
BRH:32
end_of_record
TN:
SF:src/script/util/ValidationUtil.ts
FN:23,(anonymous_0)
FN:37,(anonymous_1)
FN:45,(anonymous_2)
FN:52,(anonymous_3)
FN:59,(anonymous_4)
FN:61,(anonymous_5)
FN:64,(anonymous_6)
FN:74,(anonymous_7)
FN:82,(anonymous_8)
FN:87,(anonymous_9)
FN:95,(anonymous_10)
FN:97,(anonymous_11)
FNF:12
FNH:11
FNDA:6,(anonymous_0)
FNDA:1,(anonymous_1)
FNDA:0,(anonymous_2)
FNDA:3,(anonymous_3)
FNDA:4,(anonymous_4)
FNDA:19,(anonymous_5)
FNDA:2,(anonymous_6)
FNDA:5,(anonymous_7)
FNDA:22,(anonymous_8)
FNDA:2,(anonymous_9)
FNDA:12,(anonymous_10)
FNDA:7,(anonymous_11)
DA:23,6
DA:24,6
DA:26,6
DA:27,6
DA:29,6
DA:30,6
DA:32,0
DA:37,1
DA:45,1
DA:46,0
DA:47,0
DA:49,0
DA:52,1
DA:53,3
DA:54,3
DA:59,4
DA:61,1
DA:62,19
DA:64,1
DA:65,2
DA:67,2
DA:69,1
DA:71,1
DA:74,1
DA:75,5
DA:76,5
DA:77,1
DA:79,4
DA:82,1
DA:83,22
DA:84,22
DA:87,1
DA:88,2
DA:89,1
DA:91,1
DA:95,12
DA:97,1
DA:98,7
DA:99,0
DA:102,7
DA:103,7
DA:105,7
DA:106,2
DA:108,5
DA:109,1
DA:111,4
DA:112,0
DA:114,4
DA:115,1
DA:117,3
LF:50
LH:44
BRDA:23,0,0,6
BRDA:23,0,1,0
BRDA:23,1,0,6
BRDA:23,1,1,6
BRDA:29,2,0,6
BRDA:29,2,1,0
BRDA:47,3,0,0
BRDA:47,3,1,0
BRDA:76,4,0,1
BRDA:76,4,1,4
BRDA:88,5,0,1
BRDA:88,5,1,1
BRDA:88,6,0,2
BRDA:88,6,1,2
BRDA:95,7,0,12
BRDA:95,7,1,11
BRDA:98,8,0,0
BRDA:98,8,1,7
BRDA:105,9,0,2
BRDA:105,9,1,5
BRDA:108,10,0,1
BRDA:108,10,1,4
BRDA:111,11,0,0
BRDA:111,11,1,4
BRDA:114,12,0,1
BRDA:114,12,1,3
BRDA:114,13,0,4
BRDA:114,13,1,2
BRF:28
BRH:22
end_of_record
TN:
SF:src/script/util/ephemeralValueStore.ts
FN:43,getEphemeralValue
FN:43,(anonymous_9)
FN:48,saveRandomEncryptionKey
FN:48,(anonymous_12)
FN:60,saveEphemeralValue
FN:60,(anonymous_15)
FN:65,(anonymous_18)
FN:73,sendMessage
FN:75,(anonymous_20)
FN:76,(anonymous_21)
FNF:10
FNH:8
FNDA:5,getEphemeralValue
FNDA:5,(anonymous_9)
FNDA:0,saveRandomEncryptionKey
FNDA:0,(anonymous_12)
FNDA:3,saveEphemeralValue
FNDA:3,(anonymous_15)
FNDA:8,(anonymous_18)
FNDA:8,sendMessage
FNDA:8,(anonymous_20)
FNDA:8,(anonymous_21)
DA:43,5
DA:44,5
DA:45,5
DA:48,0
DA:49,0
DA:50,0
DA:51,0
DA:52,0
DA:53,0
DA:55,0
DA:56,0
DA:57,0
DA:60,3
DA:61,3
DA:62,3
DA:66,8
DA:69,8
DA:70,8
DA:74,8
DA:75,8
DA:76,8
DA:77,8
DA:79,8
DA:80,8
DA:82,0
LF:25
LH:15
BRDA:30,0,0,1
BRDA:69,1,0,8
BRDA:69,1,1,7
BRDA:69,1,2,7
BRF:4
BRH:4
end_of_record
TN:
SF:src/script/util/messageComparator.ts
FN:31,areMentionsDifferent
FN:32,(anonymous_1)
FN:32,(anonymous_2)
FN:38,(anonymous_3)
FN:50,isTextDifferent
FNF:5
FNH:5
FNDA:7,areMentionsDifferent
FNDA:14,(anonymous_1)
FNDA:14,(anonymous_2)
FNDA:7,(anonymous_3)
FNDA:3,isTextDifferent
DA:32,14
DA:34,7
DA:35,7
DA:37,7
DA:38,7
DA:40,7
DA:51,3
LF:7
LH:7
BRDA:40,0,0,7
BRDA:40,0,1,5
BRF:2
BRH:2
end_of_record
TN:
SF:src/script/util/messageRenderer.ts
FN:49,(anonymous_0)
FN:55,(anonymous_1)
FN:56,(anonymous_2)
FN:58,(anonymous_3)
FN:59,(anonymous_4)
FN:60,(anonymous_5)
FN:65,(anonymous_6)
FN:70,(anonymous_7)
FN:73,modifyMarkdownLinks
FN:94,(anonymous_9)
FN:96,renderMessage
FN:97,(anonymous_11)
FN:98,(anonymous_12)
FN:114,(anonymous_13)
FN:115,(anonymous_14)
FN:127,highlight
FN:128,(anonymous_16)
FN:141,(anonymous_17)
FN:142,(anonymous_18)
FN:145,(anonymous_19)
FN:158,(anonymous_20)
FN:192,(anonymous_21)
FN:193,(anonymous_22)
FN:208,(anonymous_23)
FN:216,(anonymous_24)
FNF:25
FNH:23
FNDA:6,(anonymous_0)
FNDA:6,(anonymous_1)
FNDA:6,(anonymous_2)
FNDA:10,(anonymous_3)
FNDA:0,(anonymous_4)
FNDA:77,(anonymous_5)
FNDA:2,(anonymous_6)
FNDA:77,(anonymous_7)
FNDA:87,modifyMarkdownLinks
FNDA:36,(anonymous_9)
FNDA:87,renderMessage
FNDA:9,(anonymous_11)
FNDA:8,(anonymous_12)
FNDA:2,(anonymous_13)
FNDA:8,(anonymous_14)
FNDA:6,highlight
FNDA:1,(anonymous_16)
FNDA:26,(anonymous_17)
FNDA:38,(anonymous_18)
FNDA:0,(anonymous_19)
FNDA:11,(anonymous_20)
FNDA:170,(anonymous_21)
FNDA:550,(anonymous_22)
FNDA:8,(anonymous_23)
FNDA:14,(anonymous_24)
DA:40,1
DA:47,1
DA:49,1
DA:50,6
DA:51,6
DA:52,6
DA:55,6
DA:56,6
DA:58,10
DA:59,1
DA:60,1
DA:61,77
DA:62,77
DA:65,4
DA:66,77
DA:67,77
DA:68,77
DA:70,77
DA:74,87
DA:75,87
DA:76,63
DA:78,24
DA:79,24
DA:80,24
DA:81,25
DA:82,25
DA:83,25
DA:84,25
DA:86,25
DA:87,25
DA:88,25
DA:90,24
DA:91,24
DA:94,36
DA:96,87
DA:97,87
DA:98,87
DA:99,8
DA:100,8
DA:104,8
DA:105,8
DA:106,8
DA:109,87
DA:111,87
DA:114,2
DA:116,8
DA:117,8
DA:118,8
DA:123,8
DA:126,87
DA:128,6
DA:129,1
DA:130,1
DA:132,6
DA:135,1
DA:137,5
DA:141,87
DA:142,26
DA:143,38
DA:145,0
DA:149,26
DA:150,26
DA:151,26
DA:152,26
DA:153,26
DA:154,26
DA:156,26
DA:157,4
DA:158,11
DA:159,4
DA:160,4
DA:161,4
DA:163,22
DA:164,7
DA:166,15
DA:167,15
DA:169,22
DA:170,4
DA:171,4
DA:172,0
DA:174,4
DA:175,4
DA:176,4
DA:178,4
DA:179,4
DA:181,22
DA:182,0
DA:184,22
DA:185,8
DA:187,22
DA:189,87
DA:190,87
DA:191,87
DA:192,87
DA:193,170
DA:194,550
DA:195,550
DA:196,15
DA:198,535
DA:199,83
DA:201,535
DA:203,87
DA:204,87
DA:206,87
DA:208,87
DA:209,8
DA:211,8
DA:213,87
DA:216,1
DA:217,14
DA:218,14
DA:219,14
DA:220,14
LF:113
LH:110
BRDA:65,0,0,1
BRDA:65,0,1,1
BRDA:65,1,0,2
BRDA:65,1,1,1
BRDA:66,2,0,1
BRDA:66,2,1,76
BRDA:75,3,0,63
BRDA:75,3,1,24
BRDA:75,4,0,87
BRDA:75,4,1,24
BRDA:82,5,0,25
BRDA:82,5,1,18
BRDA:83,6,0,25
BRDA:83,6,1,13
BRDA:84,7,0,25
BRDA:84,7,1,13
BRDA:84,7,2,13
BRDA:87,8,0,13
BRDA:87,8,1,12
BRDA:96,9,0,6
BRDA:96,9,1,81
BRDA:96,10,0,87
BRDA:96,10,1,6
BRDA:99,11,0,1
BRDA:99,11,1,7
BRDA:101,12,0,1
BRDA:101,12,1,7
BRDA:132,13,0,1
BRDA:132,13,1,5
BRDA:154,14,0,25
BRDA:154,14,1,1
BRDA:154,15,0,0
BRDA:154,15,1,26
BRDA:154,16,0,26
BRDA:154,16,1,26
BRDA:156,17,0,4
BRDA:156,17,1,22
BRDA:156,18,0,26
BRDA:156,18,1,24
BRDA:163,19,0,7
BRDA:163,19,1,15
BRDA:169,20,0,4
BRDA:169,20,1,18
BRDA:169,21,0,22
BRDA:169,21,1,22
BRDA:171,22,0,0
BRDA:171,22,1,4
BRDA:175,23,0,4
BRDA:175,23,1,0
BRDA:175,24,0,0
BRDA:175,24,1,4
BRDA:175,25,0,4
BRDA:175,25,1,4
BRDA:181,26,0,0
BRDA:181,26,1,22
BRDA:184,27,0,8
BRDA:184,27,1,14
BRDA:195,28,0,15
BRDA:195,28,1,535
BRDA:198,29,0,83
BRDA:198,29,1,452
BRF:61
BRH:56
end_of_record
TN:
SF:src/script/util/scroll-helpers.ts
FN:20,scrollEnd
FN:24,scrollToBottom
FN:26,(anonymous_2)
FN:34,isScrolledBottom
FN:41,isScrolledTop
FN:45,scrollBy
FN:50,isScrollable
FNF:7
FNH:0
FNDA:0,scrollEnd
FNDA:0,scrollToBottom
FNDA:0,(anonymous_2)
FNDA:0,isScrolledBottom
FNDA:0,isScrolledTop
FNDA:0,scrollBy
FNDA:0,isScrollable
DA:21,0
DA:25,0
DA:26,0
DA:27,0
DA:28,0
DA:30,0
DA:35,0
DA:36,0
DA:37,0
DA:38,0
DA:42,0
DA:46,0
DA:47,0
DA:51,0
LF:14
LH:0
BRDA:27,0,0,0
BRDA:27,0,1,0
BRF:2
BRH:0
end_of_record
TN:
SF:src/script/util/util.ts
FN:36,(anonymous_6)
FN:49,(anonymous_7)
FN:65,(anonymous_8)
FN:76,(anonymous_9)
FN:81,(anonymous_10)
FN:101,(anonymous_11)
FN:102,(anonymous_12)
FN:104,(anonymous_13)
FN:110,(anonymous_14)
FN:114,(anonymous_15)
FN:119,(anonymous_16)
FN:135,loadImage
FN:136,(anonymous_18)
FN:139,(anonymous_19)
FN:148,(anonymous_20)
FN:149,(anonymous_21)
FN:151,(anonymous_22)
FN:157,(anonymous_23)
FN:158,(anonymous_24)
FN:161,(anonymous_25)
FN:167,(anonymous_26)
FN:179,formatBytes
FN:191,(anonymous_28)
FN:195,(anonymous_29)
FN:201,(anonymous_30)
FN:207,(anonymous_31)
FN:207,(anonymous_32)
FN:207,base64ToArray
FN:215,(anonymous_34)
FN:215,(anonymous_35)
FN:215,arrayToBase64
FN:223,(anonymous_37)
FN:223,(anonymous_38)
FN:223,base64ToBlob
FN:232,(anonymous_40)
FN:241,(anonymous_41)
FN:256,(anonymous_42)
FN:263,(anonymous_43)
FN:270,koPushDeferred
FN:274,(anonymous_45)
FN:287,zeroPadding
FN:292,(anonymous_47)
FN:295,(anonymous_48)
FN:304,(anonymous_49)
FN:311,(anonymous_50)
FN:313,(anonymous_51)
FN:314,(anonymous_52)
FN:316,(anonymous_53)
FN:317,(anonymous_54)
FN:322,(anonymous_55)
FN:380,(anonymous_56)
FN:387,(anonymous_57)
FN:393,(anonymous_58)
FN:394,(anonymous_59)
FN:399,(anonymous_60)
FNF:55
FNH:27
FNDA:3,(anonymous_6)
FNDA:0,(anonymous_7)
FNDA:0,(anonymous_8)
FNDA:0,(anonymous_9)
FNDA:0,(anonymous_10)
FNDA:0,(anonymous_11)
FNDA:0,(anonymous_12)
FNDA:0,(anonymous_13)
FNDA:0,(anonymous_14)
FNDA:0,(anonymous_15)
FNDA:0,(anonymous_16)
FNDA:0,loadImage
FNDA:0,(anonymous_18)
FNDA:0,(anonymous_19)
FNDA:4,(anonymous_20)
FNDA:4,(anonymous_21)
FNDA:4,(anonymous_22)
FNDA:0,(anonymous_23)
FNDA:0,(anonymous_24)
FNDA:9,(anonymous_25)
FNDA:7,(anonymous_26)
FNDA:4,formatBytes
FNDA:2,(anonymous_28)
FNDA:29,(anonymous_29)
FNDA:0,(anonymous_30)
FNDA:1,(anonymous_31)
FNDA:23,(anonymous_32)
FNDA:23,base64ToArray
FNDA:1,(anonymous_34)
FNDA:19,(anonymous_35)
FNDA:19,arrayToBase64
FNDA:1,(anonymous_37)
FNDA:1,(anonymous_38)
FNDA:1,base64ToBlob
FNDA:0,(anonymous_40)
FNDA:0,(anonymous_41)
FNDA:0,(anonymous_42)
FNDA:748,(anonymous_43)
FNDA:0,koPushDeferred
FNDA:0,(anonymous_45)
FNDA:50,zeroPadding
FNDA:19,(anonymous_47)
FNDA:0,(anonymous_48)
FNDA:0,(anonymous_49)
FNDA:3,(anonymous_50)
FNDA:0,(anonymous_51)
FNDA:0,(anonymous_52)
FNDA:0,(anonymous_53)
FNDA:0,(anonymous_54)
FNDA:0,(anonymous_55)
FNDA:2,(anonymous_56)
FNDA:16,(anonymous_57)
FNDA:1,(anonymous_58)
FNDA:1,(anonymous_59)
FNDA:12,(anonymous_60)
DA:36,1
DA:37,3
DA:38,0
DA:41,3
DA:42,3
DA:43,3
DA:45,3
DA:46,3
DA:49,1
DA:50,0
DA:51,0
DA:54,0
DA:55,0
DA:56,0
DA:57,0
DA:60,0
DA:63,0
DA:64,0
DA:65,0
DA:66,0
DA:67,0
DA:68,0
DA:70,0
DA:73,0
DA:76,0
DA:77,0
DA:78,0
DA:79,0
DA:81,0
DA:82,0
DA:84,0
DA:85,0
DA:86,0
DA:89,0
DA:90,0
DA:91,0
DA:92,0
DA:98,0
DA:101,1
DA:102,0
DA:103,0
DA:104,0
DA:105,0
DA:106,0
DA:110,1
DA:114,0
DA:115,0
DA:116,0
DA:117,0
DA:119,0
DA:120,0
DA:121,0
DA:126,0
DA:128,0
DA:129,0
DA:131,0
DA:135,1
DA:136,0
DA:137,0
DA:138,0
DA:139,0
DA:140,0
DA:141,0
DA:143,0
DA:144,0
DA:148,1
DA:149,4
DA:150,4
DA:151,4
DA:152,4
DA:153,4
DA:157,1
DA:158,0
DA:161,1
DA:162,9
DA:163,9
DA:164,9
DA:167,1
DA:168,7
DA:169,5
DA:170,1
DA:173,5
DA:176,2
DA:179,4
DA:180,4
DA:181,1
DA:184,3
DA:185,3
DA:186,3
DA:187,3
DA:188,3
DA:191,1
DA:192,2
DA:195,29
DA:201,1
DA:207,26
DA:208,23
DA:209,23
DA:215,22
DA:216,19
DA:217,19
DA:223,4
DA:224,1
DA:225,1
DA:226,1
DA:232,1
DA:233,0
DA:234,0
DA:235,0
DA:238,0
DA:241,1
DA:242,0
DA:243,0
DA:244,0
DA:245,0
DA:246,0
DA:247,0
DA:252,0
DA:253,0
DA:256,0
DA:257,0
DA:258,0
DA:259,0
DA:263,748
DA:266,1
DA:270,1
DA:274,0
DA:275,0
DA:276,0
DA:278,0
DA:279,0
DA:287,50
DA:288,50
DA:289,50
DA:292,1
DA:293,19
DA:295,1
DA:296,0
DA:297,0
DA:299,0
DA:300,0
DA:304,0
DA:305,0
DA:306,0
DA:311,3
DA:313,1
DA:314,0
DA:315,0
DA:316,0
DA:317,0
DA:318,0
DA:322,1
DA:323,0
DA:324,0
DA:325,0
DA:326,0
DA:327,0
DA:328,0
DA:330,0
DA:332,0
DA:336,0
DA:338,0
DA:339,0
DA:340,0
DA:342,0
DA:343,0
DA:344,0
DA:345,0
DA:348,0
DA:350,0
DA:352,0
DA:353,0
DA:355,0
DA:356,0
DA:358,0
DA:360,0
DA:361,0
DA:362,0
DA:363,0
DA:364,0
DA:366,0
DA:369,0
DA:371,0
DA:372,0
DA:373,0
DA:374,0
DA:375,0
DA:377,0
DA:380,1
DA:381,2
DA:382,0
DA:385,2
DA:386,2
DA:387,16
DA:389,2
DA:393,1
DA:394,1
DA:399,1
LF:198
LH:73
BRDA:37,0,0,0
BRDA:37,0,1,3
BRDA:42,1,0,0
BRDA:42,1,1,3
BRDA:42,2,0,3
BRDA:42,2,1,3
BRDA:43,3,0,3
BRDA:43,3,1,3
BRDA:46,4,0,3
BRDA:46,4,1,0
BRDA:50,5,0,0
BRDA:50,5,1,0
BRDA:54,6,0,0
BRDA:54,6,1,0
BRDA:55,7,0,0
BRDA:55,7,1,0
BRDA:56,8,0,0
BRDA:56,8,1,0
BRDA:60,9,0,0
BRDA:60,9,1,0
BRDA:66,10,0,0
BRDA:66,10,1,0
BRDA:84,11,0,0
BRDA:84,11,1,0
BRDA:84,12,0,0
BRDA:84,12,1,0
BRDA:90,13,0,0
BRDA:90,13,1,0
BRDA:122,14,0,0
BRDA:122,14,1,0
BRDA:128,15,0,0
BRDA:128,15,1,0
BRDA:163,16,0,9
BRDA:163,16,1,8
BRDA:164,17,0,9
BRDA:164,17,1,1
BRDA:168,18,0,5
BRDA:168,18,1,2
BRDA:169,19,0,1
BRDA:169,19,1,4
BRDA:179,20,0,0
BRDA:179,20,1,4
BRDA:179,21,0,4
BRDA:179,21,1,0
BRDA:180,22,0,1
BRDA:180,22,1,3
BRDA:233,23,0,0
BRDA:233,23,1,0
BRDA:246,24,0,0
BRDA:246,24,1,0
BRDA:270,25,0,0
BRDA:270,25,1,0
BRDA:270,26,0,0
BRDA:270,26,1,0
BRDA:270,27,0,0
BRDA:270,27,1,0
BRDA:278,28,0,0
BRDA:278,28,1,0
BRDA:287,29,0,8
BRDA:287,29,1,42
BRDA:287,30,0,50
BRDA:287,30,1,8
BRDA:299,31,0,0
BRDA:299,31,1,0
BRDA:316,32,0,0
BRDA:316,32,1,0
BRDA:351,33,0,0
BRDA:351,33,1,0
BRDA:351,33,2,0
BRDA:351,33,3,0
BRDA:381,34,0,0
BRDA:381,34,1,2
BRDA:386,35,0,2
BRDA:386,35,1,0
BRF:74
BRH:25
end_of_record
TN:
SF:src/script/util/worker.ts
FN:23,(anonymous_1)
FN:27,(anonymous_2)
FN:28,(anonymous_3)
FN:30,(anonymous_4)
FN:31,(anonymous_5)
FNF:5
FNH:4
FNDA:2,(anonymous_1)
FNDA:2,(anonymous_2)
FNDA:2,(anonymous_3)
FNDA:2,(anonymous_4)
FNDA:0,(anonymous_5)
DA:23,2
DA:24,2
DA:28,2
DA:29,2
DA:30,2
DA:31,2
DA:32,2
LF:7
LH:7
BRF:0
BRH:0
end_of_record
